mode: set
github.com/hackastak/repog/internal/config/config.go:64.61,66.2 1 0
github.com/hackastak/repog/internal/config/config.go:68.64,70.2 1 0
github.com/hackastak/repog/internal/config/config.go:72.57,74.2 1 0
github.com/hackastak/repog/internal/config/config.go:80.43,82.2 1 1
github.com/hackastak/repog/internal/config/config.go:87.40,89.16 2 0
github.com/hackastak/repog/internal/config/config.go:89.16,91.3 1 0
github.com/hackastak/repog/internal/config/config.go:92.2,92.48 1 0
github.com/hackastak/repog/internal/config/config.go:96.35,98.16 2 1
github.com/hackastak/repog/internal/config/config.go:98.16,100.3 1 0
github.com/hackastak/repog/internal/config/config.go:101.2,101.47 1 1
github.com/hackastak/repog/internal/config/config.go:105.29,107.16 2 1
github.com/hackastak/repog/internal/config/config.go:107.16,109.3 1 0
github.com/hackastak/repog/internal/config/config.go:110.2,110.50 1 1
github.com/hackastak/repog/internal/config/config.go:116.36,118.16 2 1
github.com/hackastak/repog/internal/config/config.go:118.16,120.3 1 0
github.com/hackastak/repog/internal/config/config.go:122.2,123.16 2 1
github.com/hackastak/repog/internal/config/config.go:123.16,124.25 1 1
github.com/hackastak/repog/internal/config/config.go:124.25,126.4 1 1
github.com/hackastak/repog/internal/config/config.go:127.3,127.18 1 0
github.com/hackastak/repog/internal/config/config.go:130.2,131.51 2 1
github.com/hackastak/repog/internal/config/config.go:131.51,133.3 1 0
github.com/hackastak/repog/internal/config/config.go:136.2,136.27 1 1
github.com/hackastak/repog/internal/config/config.go:136.27,141.3 3 1
github.com/hackastak/repog/internal/config/config.go:144.2,145.16 2 1
github.com/hackastak/repog/internal/config/config.go:145.16,147.3 1 1
github.com/hackastak/repog/internal/config/config.go:150.2,150.40 1 1
github.com/hackastak/repog/internal/config/config.go:150.40,152.17 2 1
github.com/hackastak/repog/internal/config/config.go:152.17,154.4 1 1
github.com/hackastak/repog/internal/config/config.go:157.2,157.41 1 1
github.com/hackastak/repog/internal/config/config.go:157.41,159.17 2 1
github.com/hackastak/repog/internal/config/config.go:159.17,161.4 1 0
github.com/hackastak/repog/internal/config/config.go:164.2,164.18 1 1
github.com/hackastak/repog/internal/config/config.go:169.68,172.16 2 1
github.com/hackastak/repog/internal/config/config.go:172.16,174.3 1 0
github.com/hackastak/repog/internal/config/config.go:175.2,175.47 1 1
github.com/hackastak/repog/internal/config/config.go:175.47,177.3 1 0
github.com/hackastak/repog/internal/config/config.go:180.2,181.49 2 1
github.com/hackastak/repog/internal/config/config.go:181.49,183.3 1 0
github.com/hackastak/repog/internal/config/config.go:186.2,189.34 2 1
github.com/hackastak/repog/internal/config/config.go:189.34,191.3 1 1
github.com/hackastak/repog/internal/config/config.go:192.2,192.35 1 1
github.com/hackastak/repog/internal/config/config.go:192.35,194.3 1 1
github.com/hackastak/repog/internal/config/config.go:197.2,198.16 2 1
github.com/hackastak/repog/internal/config/config.go:198.16,200.3 1 0
github.com/hackastak/repog/internal/config/config.go:202.2,203.16 2 1
github.com/hackastak/repog/internal/config/config.go:203.16,205.3 1 0
github.com/hackastak/repog/internal/config/config.go:207.2,207.55 1 1
github.com/hackastak/repog/internal/config/config.go:207.55,209.3 1 0
github.com/hackastak/repog/internal/config/config.go:212.2,212.45 1 1
github.com/hackastak/repog/internal/config/config.go:212.45,214.3 1 0
github.com/hackastak/repog/internal/config/config.go:217.2,217.88 1 1
github.com/hackastak/repog/internal/config/config.go:217.88,219.3 1 0
github.com/hackastak/repog/internal/config/config.go:221.2,221.94 1 1
github.com/hackastak/repog/internal/config/config.go:221.94,223.3 1 0
github.com/hackastak/repog/internal/config/config.go:225.2,225.12 1 1
github.com/hackastak/repog/internal/config/config.go:230.40,233.16 2 0
github.com/hackastak/repog/internal/config/config.go:233.16,235.3 1 0
github.com/hackastak/repog/internal/config/config.go:236.2,236.47 1 0
github.com/hackastak/repog/internal/config/config.go:236.47,238.3 1 0
github.com/hackastak/repog/internal/config/config.go:241.2,242.49 2 0
github.com/hackastak/repog/internal/config/config.go:242.49,244.3 1 0
github.com/hackastak/repog/internal/config/config.go:247.2,251.16 3 0
github.com/hackastak/repog/internal/config/config.go:251.16,253.3 1 0
github.com/hackastak/repog/internal/config/config.go:255.2,256.16 2 0
github.com/hackastak/repog/internal/config/config.go:256.16,258.3 1 0
github.com/hackastak/repog/internal/config/config.go:260.2,260.55 1 0
github.com/hackastak/repog/internal/config/config.go:260.55,262.3 1 0
github.com/hackastak/repog/internal/config/config.go:265.2,265.29 1 0
github.com/hackastak/repog/internal/config/config.go:269.26,272.16 2 1
github.com/hackastak/repog/internal/config/config.go:272.16,274.3 1 1
github.com/hackastak/repog/internal/config/config.go:277.2,284.12 7 1
github.com/hackastak/repog/internal/config/config.go:289.26,292.2 2 1
github.com/hackastak/repog/internal/config/config.go:295.37,297.16 2 1
github.com/hackastak/repog/internal/config/config.go:297.16,299.3 1 1
github.com/hackastak/repog/internal/config/config.go:300.2,300.17 1 1
github.com/hackastak/repog/internal/config/config.go:304.40,306.16 2 1
github.com/hackastak/repog/internal/config/config.go:306.16,308.3 1 1
github.com/hackastak/repog/internal/config/config.go:309.2,309.17 1 1
github.com/hackastak/repog/internal/config/config.go:313.60,314.18 1 1
github.com/hackastak/repog/internal/config/config.go:315.16,316.27 1 1
github.com/hackastak/repog/internal/config/config.go:317.16,319.17 2 0
github.com/hackastak/repog/internal/config/config.go:319.17,321.4 1 0
github.com/hackastak/repog/internal/config/config.go:322.3,322.18 1 0
github.com/hackastak/repog/internal/config/config.go:323.20,325.17 2 0
github.com/hackastak/repog/internal/config/config.go:325.17,327.4 1 0
github.com/hackastak/repog/internal/config/config.go:328.3,328.18 1 0
github.com/hackastak/repog/internal/config/config.go:329.19,331.17 2 0
github.com/hackastak/repog/internal/config/config.go:331.17,333.4 1 0
github.com/hackastak/repog/internal/config/config.go:334.3,334.18 1 0
github.com/hackastak/repog/internal/config/config.go:335.18,337.17 2 0
github.com/hackastak/repog/internal/config/config.go:337.17,339.4 1 0
github.com/hackastak/repog/internal/config/config.go:340.3,340.18 1 0
github.com/hackastak/repog/internal/config/config.go:341.16,343.17 1 0
github.com/hackastak/repog/internal/config/config.go:344.10,345.58 1 0
github.com/hackastak/repog/internal/config/config.go:350.55,351.18 1 0
github.com/hackastak/repog/internal/config/config.go:352.16,353.67 1 0
github.com/hackastak/repog/internal/config/config.go:354.16,355.70 1 0
github.com/hackastak/repog/internal/config/config.go:356.16,357.70 1 0
github.com/hackastak/repog/internal/config/config.go:358.20,359.74 1 0
github.com/hackastak/repog/internal/config/config.go:360.19,361.73 1 0
github.com/hackastak/repog/internal/config/config.go:362.18,363.72 1 0
github.com/hackastak/repog/internal/config/config.go:364.16,366.13 1 0
github.com/hackastak/repog/internal/config/config.go:367.10,368.54 1 0
github.com/hackastak/repog/internal/config/config.go:373.46,379.2 1 1
github.com/hackastak/repog/internal/config/config.go:382.47,388.2 1 1
github.com/hackastak/repog/internal/format/format.go:14.36,15.18 1 1
github.com/hackastak/repog/internal/format/format.go:15.18,17.3 1 1
github.com/hackastak/repog/internal/format/format.go:18.2,18.19 1 1
github.com/hackastak/repog/internal/format/format.go:18.19,20.3 1 1
github.com/hackastak/repog/internal/format/format.go:21.2,21.39 1 1
github.com/hackastak/repog/internal/format/format.go:26.57,29.16 2 1
github.com/hackastak/repog/internal/format/format.go:29.16,31.3 1 1
github.com/hackastak/repog/internal/format/format.go:33.2,39.29 6 1
github.com/hackastak/repog/internal/format/format.go:39.29,45.19 4 1
github.com/hackastak/repog/internal/format/format.go:45.19,47.4 1 1
github.com/hackastak/repog/internal/format/format.go:50.3,50.56 1 1
github.com/hackastak/repog/internal/format/format.go:50.56,54.4 3 1
github.com/hackastak/repog/internal/format/format.go:56.3,56.28 1 1
github.com/hackastak/repog/internal/format/format.go:56.28,58.4 1 1
github.com/hackastak/repog/internal/format/format.go:59.3,59.32 1 1
github.com/hackastak/repog/internal/format/format.go:62.2,62.27 1 1
github.com/hackastak/repog/internal/format/format.go:62.27,64.3 1 1
github.com/hackastak/repog/internal/format/format.go:67.2,67.34 1 1
github.com/hackastak/repog/internal/format/format.go:67.34,69.3 1 1
github.com/hackastak/repog/internal/format/format.go:71.2,71.34 1 1
github.com/hackastak/repog/internal/format/format.go:75.34,76.16 1 1
github.com/hackastak/repog/internal/format/format.go:76.16,78.3 1 1
github.com/hackastak/repog/internal/format/format.go:79.2,79.15 1 1
github.com/hackastak/repog/internal/format/format.go:79.15,81.3 1 1
github.com/hackastak/repog/internal/format/format.go:82.2,82.37 1 1
github.com/hackastak/repog/internal/format/format.go:86.26,88.30 2 1
github.com/hackastak/repog/internal/format/format.go:88.30,90.3 1 1
github.com/hackastak/repog/internal/format/format.go:91.2,91.14 1 0
github.com/hackastak/repog/internal/format/format.go:95.50,97.2 1 1
github.com/hackastak/repog/internal/format/format.go:100.54,103.31 2 1
github.com/hackastak/repog/internal/format/format.go:103.31,105.3 1 1
github.com/hackastak/repog/internal/format/format.go:106.2,106.20 1 1
github.com/hackastak/repog/internal/format/format.go:106.20,108.3 1 1
github.com/hackastak/repog/internal/format/format.go:109.2,109.38 1 1
github.com/hackastak/repog/internal/format/format.go:113.50,115.16 2 1
github.com/hackastak/repog/internal/format/format.go:115.16,118.17 2 1
github.com/hackastak/repog/internal/format/format.go:118.17,120.4 1 1
github.com/hackastak/repog/internal/format/format.go:123.2,126.15 3 1
github.com/hackastak/repog/internal/format/format.go:126.15,129.19 2 1
github.com/hackastak/repog/internal/format/format.go:129.19,131.4 1 1
github.com/hackastak/repog/internal/format/format.go:133.3,134.19 2 1
github.com/hackastak/repog/internal/format/format.go:134.19,135.20 1 1
github.com/hackastak/repog/internal/format/format.go:135.20,137.5 1 1
github.com/hackastak/repog/internal/format/format.go:138.4,138.49 1 1
github.com/hackastak/repog/internal/format/format.go:141.3,142.17 2 1
github.com/hackastak/repog/internal/format/format.go:142.17,143.18 1 1
github.com/hackastak/repog/internal/format/format.go:143.18,145.5 1 1
github.com/hackastak/repog/internal/format/format.go:146.4,146.45 1 1
github.com/hackastak/repog/internal/format/format.go:149.3,150.16 2 1
github.com/hackastak/repog/internal/format/format.go:150.16,152.4 1 1
github.com/hackastak/repog/internal/format/format.go:153.3,153.42 1 1
github.com/hackastak/repog/internal/format/format.go:157.2,161.18 4 1
github.com/hackastak/repog/internal/format/format.go:161.18,162.19 1 0
github.com/hackastak/repog/internal/format/format.go:162.19,164.4 1 0
github.com/hackastak/repog/internal/format/format.go:165.3,165.47 1 0
github.com/hackastak/repog/internal/format/format.go:168.2,169.16 2 1
github.com/hackastak/repog/internal/format/format.go:169.16,170.17 1 1
github.com/hackastak/repog/internal/format/format.go:170.17,172.4 1 1
github.com/hackastak/repog/internal/format/format.go:173.3,173.43 1 0
github.com/hackastak/repog/internal/format/format.go:176.2,177.15 2 0
github.com/hackastak/repog/internal/format/format.go:177.15,179.3 1 0
github.com/hackastak/repog/internal/format/format.go:180.2,180.40 1 0
github.com/hackastak/repog/internal/format/format.go:184.41,193.35 3 1
github.com/hackastak/repog/internal/format/format.go:193.35,194.7 1 1
github.com/hackastak/repog/internal/format/format.go:194.7,196.17 2 1
github.com/hackastak/repog/internal/format/format.go:196.17,197.10 1 1
github.com/hackastak/repog/internal/format/format.go:200.4,201.56 2 1
github.com/hackastak/repog/internal/format/format.go:201.56,203.5 1 1
github.com/hackastak/repog/internal/format/format.go:204.4,204.55 1 1
github.com/hackastak/repog/internal/format/format.go:208.2,208.15 1 1
github.com/hackastak/repog/internal/format/format.go:211.32,213.2 1 1
github.com/hackastak/repog/internal/gemini/auth.go:20.80,31.16 3 0
github.com/hackastak/repog/internal/gemini/auth.go:31.16,36.3 1 0
github.com/hackastak/repog/internal/gemini/auth.go:38.2,40.16 3 0
github.com/hackastak/repog/internal/gemini/auth.go:40.16,45.3 1 0
github.com/hackastak/repog/internal/gemini/auth.go:46.2,50.16 4 0
github.com/hackastak/repog/internal/gemini/auth.go:50.16,55.3 1 0
github.com/hackastak/repog/internal/gemini/auth.go:56.2,56.15 1 0
github.com/hackastak/repog/internal/gemini/auth.go:56.15,56.40 1 0
github.com/hackastak/repog/internal/gemini/auth.go:58.2,58.28 1 0
github.com/hackastak/repog/internal/gemini/auth.go:58.28,64.3 2 0
github.com/hackastak/repog/internal/gemini/auth.go:66.2,68.3 1 0
github.com/hackastak/repog/internal/gemini/embeddings.go:31.29,33.2 1 1
github.com/hackastak/repog/internal/gemini/embeddings.go:36.21,38.2 1 1
github.com/hackastak/repog/internal/gemini/embeddings.go:96.94,102.22 2 1
github.com/hackastak/repog/internal/gemini/embeddings.go:102.22,104.3 1 1
github.com/hackastak/repog/internal/gemini/embeddings.go:107.2,108.31 2 1
github.com/hackastak/repog/internal/gemini/embeddings.go:108.31,117.3 1 1
github.com/hackastak/repog/internal/gemini/embeddings.go:119.2,121.16 3 1
github.com/hackastak/repog/internal/gemini/embeddings.go:121.16,122.32 1 0
github.com/hackastak/repog/internal/gemini/embeddings.go:122.32,124.4 1 0
github.com/hackastak/repog/internal/gemini/embeddings.go:125.3,125.16 1 0
github.com/hackastak/repog/internal/gemini/embeddings.go:129.2,131.16 3 1
github.com/hackastak/repog/internal/gemini/embeddings.go:131.16,132.32 1 0
github.com/hackastak/repog/internal/gemini/embeddings.go:132.32,134.4 1 0
github.com/hackastak/repog/internal/gemini/embeddings.go:135.3,135.16 1 0
github.com/hackastak/repog/internal/gemini/embeddings.go:137.2,141.16 4 1
github.com/hackastak/repog/internal/gemini/embeddings.go:141.16,142.32 1 0
github.com/hackastak/repog/internal/gemini/embeddings.go:142.32,144.4 1 0
github.com/hackastak/repog/internal/gemini/embeddings.go:145.3,145.16 1 0
github.com/hackastak/repog/internal/gemini/embeddings.go:147.2,147.15 1 1
github.com/hackastak/repog/internal/gemini/embeddings.go:147.15,147.40 1 1
github.com/hackastak/repog/internal/gemini/embeddings.go:149.2,150.16 2 1
github.com/hackastak/repog/internal/gemini/embeddings.go:150.16,151.32 1 0
github.com/hackastak/repog/internal/gemini/embeddings.go:151.32,153.4 1 0
github.com/hackastak/repog/internal/gemini/embeddings.go:154.3,154.16 1 0
github.com/hackastak/repog/internal/gemini/embeddings.go:157.2,157.28 1 1
github.com/hackastak/repog/internal/gemini/embeddings.go:157.28,159.32 2 1
github.com/hackastak/repog/internal/gemini/embeddings.go:159.32,161.4 1 1
github.com/hackastak/repog/internal/gemini/embeddings.go:162.3,162.16 1 1
github.com/hackastak/repog/internal/gemini/embeddings.go:165.2,166.61 2 1
github.com/hackastak/repog/internal/gemini/embeddings.go:166.61,167.32 1 0
github.com/hackastak/repog/internal/gemini/embeddings.go:167.32,169.4 1 0
github.com/hackastak/repog/internal/gemini/embeddings.go:170.3,170.16 1 0
github.com/hackastak/repog/internal/gemini/embeddings.go:174.2,174.31 1 1
github.com/hackastak/repog/internal/gemini/embeddings.go:174.31,175.37 1 1
github.com/hackastak/repog/internal/gemini/embeddings.go:175.37,180.12 2 0
github.com/hackastak/repog/internal/gemini/embeddings.go:183.3,184.44 2 1
github.com/hackastak/repog/internal/gemini/embeddings.go:184.44,189.12 2 1
github.com/hackastak/repog/internal/gemini/embeddings.go:192.3,195.5 1 1
github.com/hackastak/repog/internal/gemini/embeddings.go:198.2,198.15 1 1
github.com/hackastak/repog/internal/gemini/embeddings.go:216.77,227.16 3 1
github.com/hackastak/repog/internal/gemini/embeddings.go:227.16,229.3 1 0
github.com/hackastak/repog/internal/gemini/embeddings.go:231.2,233.16 3 1
github.com/hackastak/repog/internal/gemini/embeddings.go:233.16,235.3 1 0
github.com/hackastak/repog/internal/gemini/embeddings.go:236.2,240.16 4 1
github.com/hackastak/repog/internal/gemini/embeddings.go:240.16,242.3 1 0
github.com/hackastak/repog/internal/gemini/embeddings.go:243.2,243.15 1 1
github.com/hackastak/repog/internal/gemini/embeddings.go:243.15,243.40 1 1
github.com/hackastak/repog/internal/gemini/embeddings.go:245.2,245.28 1 1
github.com/hackastak/repog/internal/gemini/embeddings.go:245.28,247.3 1 1
github.com/hackastak/repog/internal/gemini/embeddings.go:249.2,250.16 2 1
github.com/hackastak/repog/internal/gemini/embeddings.go:250.16,252.3 1 0
github.com/hackastak/repog/internal/gemini/embeddings.go:254.2,255.61 2 1
github.com/hackastak/repog/internal/gemini/embeddings.go:255.61,257.3 1 0
github.com/hackastak/repog/internal/gemini/embeddings.go:259.2,259.60 1 1
github.com/hackastak/repog/internal/gemini/embeddings.go:259.60,261.3 1 1
github.com/hackastak/repog/internal/gemini/embeddings.go:263.2,263.35 1 1
github.com/hackastak/repog/internal/gemini/embeddings.go:268.46,270.22 2 1
github.com/hackastak/repog/internal/gemini/embeddings.go:270.22,272.3 1 1
github.com/hackastak/repog/internal/gemini/embeddings.go:273.2,273.12 1 1
github.com/hackastak/repog/internal/gemini/embeddings.go:277.46,278.19 1 1
github.com/hackastak/repog/internal/gemini/embeddings.go:278.19,280.3 1 1
github.com/hackastak/repog/internal/gemini/embeddings.go:281.2,282.24 2 1
github.com/hackastak/repog/internal/gemini/embeddings.go:282.24,285.3 2 1
github.com/hackastak/repog/internal/gemini/embeddings.go:286.2,286.15 1 1
github.com/hackastak/repog/internal/gemini/llm.go:84.89,88.24 2 1
github.com/hackastak/repog/internal/gemini/llm.go:88.24,90.3 1 1
github.com/hackastak/repog/internal/gemini/llm.go:91.2,91.26 1 1
github.com/hackastak/repog/internal/gemini/llm.go:91.26,93.3 1 1
github.com/hackastak/repog/internal/gemini/llm.go:96.2,109.28 2 1
github.com/hackastak/repog/internal/gemini/llm.go:109.28,113.3 1 1
github.com/hackastak/repog/internal/gemini/llm.go:115.2,116.16 2 1
github.com/hackastak/repog/internal/gemini/llm.go:116.16,121.3 1 0
github.com/hackastak/repog/internal/gemini/llm.go:124.2,128.31 4 1
github.com/hackastak/repog/internal/gemini/llm.go:128.31,131.17 3 1
github.com/hackastak/repog/internal/gemini/llm.go:131.17,136.4 1 0
github.com/hackastak/repog/internal/gemini/llm.go:137.3,140.17 3 1
github.com/hackastak/repog/internal/gemini/llm.go:140.17,145.4 1 0
github.com/hackastak/repog/internal/gemini/llm.go:147.3,149.17 3 1
github.com/hackastak/repog/internal/gemini/llm.go:149.17,154.4 1 0
github.com/hackastak/repog/internal/gemini/llm.go:157.3,157.29 1 1
github.com/hackastak/repog/internal/gemini/llm.go:157.29,162.12 2 0
github.com/hackastak/repog/internal/gemini/llm.go:165.3,165.29 1 1
github.com/hackastak/repog/internal/gemini/llm.go:165.29,170.4 1 1
github.com/hackastak/repog/internal/gemini/llm.go:172.3,173.60 2 1
github.com/hackastak/repog/internal/gemini/llm.go:173.60,178.4 1 0
github.com/hackastak/repog/internal/gemini/llm.go:181.3,182.82 2 1
github.com/hackastak/repog/internal/gemini/llm.go:182.82,184.4 1 1
github.com/hackastak/repog/internal/gemini/llm.go:186.3,191.9 1 1
github.com/hackastak/repog/internal/gemini/llm.go:195.2,195.31 1 0
github.com/hackastak/repog/internal/gemini/llm.go:209.113,213.24 2 1
github.com/hackastak/repog/internal/gemini/llm.go:213.24,215.3 1 1
github.com/hackastak/repog/internal/gemini/llm.go:216.2,216.26 1 1
github.com/hackastak/repog/internal/gemini/llm.go:216.26,218.3 1 1
github.com/hackastak/repog/internal/gemini/llm.go:221.2,234.28 2 1
github.com/hackastak/repog/internal/gemini/llm.go:234.28,238.3 1 0
github.com/hackastak/repog/internal/gemini/llm.go:240.2,241.16 2 1
github.com/hackastak/repog/internal/gemini/llm.go:241.16,246.3 1 0
github.com/hackastak/repog/internal/gemini/llm.go:249.2,253.31 4 1
github.com/hackastak/repog/internal/gemini/llm.go:253.31,256.17 3 1
github.com/hackastak/repog/internal/gemini/llm.go:256.17,261.4 1 0
github.com/hackastak/repog/internal/gemini/llm.go:262.3,265.17 3 1
github.com/hackastak/repog/internal/gemini/llm.go:265.17,270.4 1 0
github.com/hackastak/repog/internal/gemini/llm.go:273.3,273.29 1 1
github.com/hackastak/repog/internal/gemini/llm.go:273.29,280.12 4 0
github.com/hackastak/repog/internal/gemini/llm.go:283.3,283.29 1 1
github.com/hackastak/repog/internal/gemini/llm.go:283.29,290.4 3 1
github.com/hackastak/repog/internal/gemini/llm.go:293.3,297.22 4 1
github.com/hackastak/repog/internal/gemini/llm.go:297.22,299.41 2 1
github.com/hackastak/repog/internal/gemini/llm.go:299.41,301.23 2 1
github.com/hackastak/repog/internal/gemini/llm.go:301.23,302.14 1 0
github.com/hackastak/repog/internal/gemini/llm.go:305.5,306.68 2 1
github.com/hackastak/repog/internal/gemini/llm.go:306.68,307.14 1 0
github.com/hackastak/repog/internal/gemini/llm.go:311.5,311.80 1 1
github.com/hackastak/repog/internal/gemini/llm.go:311.80,313.20 2 1
github.com/hackastak/repog/internal/gemini/llm.go:313.20,315.25 2 1
github.com/hackastak/repog/internal/gemini/llm.go:315.25,317.8 1 1
github.com/hackastak/repog/internal/gemini/llm.go:322.5,322.49 1 1
github.com/hackastak/repog/internal/gemini/llm.go:322.49,324.6 1 0
github.com/hackastak/repog/internal/gemini/llm.go:325.5,325.53 1 1
github.com/hackastak/repog/internal/gemini/llm.go:325.53,327.6 1 0
github.com/hackastak/repog/internal/gemini/llm.go:331.3,333.39 2 1
github.com/hackastak/repog/internal/gemini/llm.go:333.39,338.4 1 0
github.com/hackastak/repog/internal/gemini/llm.go:340.3,345.9 1 1
github.com/hackastak/repog/internal/gemini/llm.go:349.2,349.31 1 0
github.com/hackastak/repog/internal/provider/factory.go:21.79,23.2 1 1
github.com/hackastak/repog/internal/provider/factory.go:26.67,28.2 1 1
github.com/hackastak/repog/internal/provider/factory.go:31.96,33.9 2 1
github.com/hackastak/repog/internal/provider/factory.go:33.9,35.3 1 1
github.com/hackastak/repog/internal/provider/factory.go:36.2,36.29 1 1
github.com/hackastak/repog/internal/provider/factory.go:40.84,42.9 2 1
github.com/hackastak/repog/internal/provider/factory.go:42.9,44.3 1 1
github.com/hackastak/repog/internal/provider/factory.go:45.2,45.29 1 1
github.com/hackastak/repog/internal/provider/types.go:50.51,52.27 2 0
github.com/hackastak/repog/internal/provider/types.go:52.27,54.3 1 0
github.com/hackastak/repog/internal/provider/types.go:55.2,55.12 1 0
github.com/hackastak/repog/internal/provider/types.go:60.46,62.24 2 0
github.com/hackastak/repog/internal/provider/types.go:62.24,64.3 1 0
github.com/hackastak/repog/internal/provider/types.go:65.2,65.15 1 0
github.com/hackastak/repog/cmd/repog/main.go:10.13,11.43 1 0
github.com/hackastak/repog/cmd/repog/main.go:11.43,13.3 1 0
github.com/hackastak/repog/internal/provider/ollama/embedding.go:16.13,18.130 1 0
github.com/hackastak/repog/internal/provider/ollama/embedding.go:18.130,20.3 1 0
github.com/hackastak/repog/internal/provider/ollama/embedding.go:21.2,21.118 1 0
github.com/hackastak/repog/internal/provider/ollama/embedding.go:21.118,23.3 1 0
github.com/hackastak/repog/internal/provider/ollama/embedding.go:37.113,38.17 1 0
github.com/hackastak/repog/internal/provider/ollama/embedding.go:38.17,40.3 1 0
github.com/hackastak/repog/internal/provider/ollama/embedding.go:41.2,41.19 1 0
github.com/hackastak/repog/internal/provider/ollama/embedding.go:41.19,43.3 1 0
github.com/hackastak/repog/internal/provider/ollama/embedding.go:44.2,44.21 1 0
github.com/hackastak/repog/internal/provider/ollama/embedding.go:44.21,46.16 1 0
github.com/hackastak/repog/internal/provider/ollama/embedding.go:47.27,48.20 1 0
github.com/hackastak/repog/internal/provider/ollama/embedding.go:49.28,50.21 1 0
github.com/hackastak/repog/internal/provider/ollama/embedding.go:51.21,52.20 1 0
github.com/hackastak/repog/internal/provider/ollama/embedding.go:53.11,54.20 1 0
github.com/hackastak/repog/internal/provider/ollama/embedding.go:58.2,63.8 1 0
github.com/hackastak/repog/internal/provider/ollama/embedding.go:67.49,69.2 1 0
github.com/hackastak/repog/internal/provider/ollama/embedding.go:72.52,74.2 1 0
github.com/hackastak/repog/internal/provider/ollama/embedding.go:77.51,79.2 1 0
github.com/hackastak/repog/internal/provider/ollama/embedding.go:82.71,85.19 2 0
github.com/hackastak/repog/internal/provider/ollama/embedding.go:85.19,87.3 1 0
github.com/hackastak/repog/internal/provider/ollama/embedding.go:88.2,88.12 1 0
github.com/hackastak/repog/internal/provider/ollama/embedding.go:92.126,98.22 2 0
github.com/hackastak/repog/internal/provider/ollama/embedding.go:98.22,100.3 1 0
github.com/hackastak/repog/internal/provider/ollama/embedding.go:103.2,103.31 1 0
github.com/hackastak/repog/internal/provider/ollama/embedding.go:103.31,105.23 2 0
github.com/hackastak/repog/internal/provider/ollama/embedding.go:105.23,112.4 2 0
github.com/hackastak/repog/internal/provider/ollama/embedding.go:112.9,118.4 1 0
github.com/hackastak/repog/internal/provider/ollama/embedding.go:121.2,121.15 1 0
github.com/hackastak/repog/internal/provider/ollama/embedding.go:125.91,132.16 3 0
github.com/hackastak/repog/internal/provider/ollama/embedding.go:132.16,134.3 1 0
github.com/hackastak/repog/internal/provider/ollama/embedding.go:136.2,138.16 3 0
github.com/hackastak/repog/internal/provider/ollama/embedding.go:138.16,140.3 1 0
github.com/hackastak/repog/internal/provider/ollama/embedding.go:142.2,146.16 4 0
github.com/hackastak/repog/internal/provider/ollama/embedding.go:146.16,148.3 1 0
github.com/hackastak/repog/internal/provider/ollama/embedding.go:149.2,149.15 1 0
github.com/hackastak/repog/internal/provider/ollama/embedding.go:149.15,149.40 1 0
github.com/hackastak/repog/internal/provider/ollama/embedding.go:151.2,151.28 1 0
github.com/hackastak/repog/internal/provider/ollama/embedding.go:151.28,153.3 1 0
github.com/hackastak/repog/internal/provider/ollama/embedding.go:155.2,156.16 2 0
github.com/hackastak/repog/internal/provider/ollama/embedding.go:156.16,158.3 1 0
github.com/hackastak/repog/internal/provider/ollama/embedding.go:160.2,161.61 2 0
github.com/hackastak/repog/internal/provider/ollama/embedding.go:161.61,163.3 1 0
github.com/hackastak/repog/internal/provider/ollama/embedding.go:165.2,165.35 1 0
github.com/hackastak/repog/internal/provider/ollama/embedding.go:165.35,167.3 1 0
github.com/hackastak/repog/internal/provider/ollama/embedding.go:170.2,171.40 2 0
github.com/hackastak/repog/internal/provider/ollama/embedding.go:171.40,173.3 1 0
github.com/hackastak/repog/internal/provider/ollama/embedding.go:176.2,176.36 1 0
github.com/hackastak/repog/internal/provider/ollama/embedding.go:176.36,179.3 1 0
github.com/hackastak/repog/internal/provider/ollama/embedding.go:181.2,181.18 1 0
github.com/hackastak/repog/internal/provider/ollama/llm.go:25.93,26.17 1 0
github.com/hackastak/repog/internal/provider/ollama/llm.go:26.17,28.3 1 0
github.com/hackastak/repog/internal/provider/ollama/llm.go:29.2,29.25 1 0
github.com/hackastak/repog/internal/provider/ollama/llm.go:29.25,31.3 1 0
github.com/hackastak/repog/internal/provider/ollama/llm.go:32.2,32.19 1 0
github.com/hackastak/repog/internal/provider/ollama/llm.go:32.19,34.3 1 0
github.com/hackastak/repog/internal/provider/ollama/llm.go:36.2,40.8 1 0
github.com/hackastak/repog/internal/provider/ollama/llm.go:44.43,46.2 1 0
github.com/hackastak/repog/internal/provider/ollama/llm.go:49.65,57.16 3 0
github.com/hackastak/repog/internal/provider/ollama/llm.go:57.16,59.3 1 0
github.com/hackastak/repog/internal/provider/ollama/llm.go:60.2,60.12 1 0
github.com/hackastak/repog/internal/provider/ollama/llm.go:64.122,66.24 1 0
github.com/hackastak/repog/internal/provider/ollama/llm.go:66.24,68.3 1 0
github.com/hackastak/repog/internal/provider/ollama/llm.go:69.2,69.26 1 0
github.com/hackastak/repog/internal/provider/ollama/llm.go:69.26,71.3 1 0
github.com/hackastak/repog/internal/provider/ollama/llm.go:74.2,75.28 2 0
github.com/hackastak/repog/internal/provider/ollama/llm.go:75.28,80.3 1 0
github.com/hackastak/repog/internal/provider/ollama/llm.go:81.2,98.16 4 0
github.com/hackastak/repog/internal/provider/ollama/llm.go:98.16,103.3 1 0
github.com/hackastak/repog/internal/provider/ollama/llm.go:106.2,110.31 4 0
github.com/hackastak/repog/internal/provider/ollama/llm.go:110.31,112.23 1 0
github.com/hackastak/repog/internal/provider/ollama/llm.go:112.23,115.4 2 0
github.com/hackastak/repog/internal/provider/ollama/llm.go:117.3,119.17 3 0
github.com/hackastak/repog/internal/provider/ollama/llm.go:119.17,124.4 1 0
github.com/hackastak/repog/internal/provider/ollama/llm.go:126.3,129.17 3 0
github.com/hackastak/repog/internal/provider/ollama/llm.go:129.17,134.4 1 0
github.com/hackastak/repog/internal/provider/ollama/llm.go:136.3,138.17 3 0
github.com/hackastak/repog/internal/provider/ollama/llm.go:138.17,143.4 1 0
github.com/hackastak/repog/internal/provider/ollama/llm.go:146.3,146.29 1 0
github.com/hackastak/repog/internal/provider/ollama/llm.go:146.29,151.12 2 0
github.com/hackastak/repog/internal/provider/ollama/llm.go:154.3,154.29 1 0
github.com/hackastak/repog/internal/provider/ollama/llm.go:154.29,159.4 1 0
github.com/hackastak/repog/internal/provider/ollama/llm.go:161.3,162.61 2 0
github.com/hackastak/repog/internal/provider/ollama/llm.go:162.61,167.4 1 0
github.com/hackastak/repog/internal/provider/ollama/llm.go:170.3,180.9 4 0
github.com/hackastak/repog/internal/provider/ollama/llm.go:184.2,184.23 1 0
github.com/hackastak/repog/internal/provider/ollama/llm.go:188.146,190.24 1 0
github.com/hackastak/repog/internal/provider/ollama/llm.go:190.24,192.3 1 0
github.com/hackastak/repog/internal/provider/ollama/llm.go:193.2,193.26 1 0
github.com/hackastak/repog/internal/provider/ollama/llm.go:193.26,195.3 1 0
github.com/hackastak/repog/internal/provider/ollama/llm.go:198.2,199.28 2 0
github.com/hackastak/repog/internal/provider/ollama/llm.go:199.28,204.3 1 0
github.com/hackastak/repog/internal/provider/ollama/llm.go:205.2,222.16 4 0
github.com/hackastak/repog/internal/provider/ollama/llm.go:222.16,227.3 1 0
github.com/hackastak/repog/internal/provider/ollama/llm.go:230.2,234.31 4 0
github.com/hackastak/repog/internal/provider/ollama/llm.go:234.31,236.23 1 0
github.com/hackastak/repog/internal/provider/ollama/llm.go:236.23,239.4 2 0
github.com/hackastak/repog/internal/provider/ollama/llm.go:241.3,243.17 3 0
github.com/hackastak/repog/internal/provider/ollama/llm.go:243.17,248.4 1 0
github.com/hackastak/repog/internal/provider/ollama/llm.go:250.3,253.17 3 0
github.com/hackastak/repog/internal/provider/ollama/llm.go:253.17,258.4 1 0
github.com/hackastak/repog/internal/provider/ollama/llm.go:261.3,261.29 1 0
github.com/hackastak/repog/internal/provider/ollama/llm.go:261.29,268.12 4 0
github.com/hackastak/repog/internal/provider/ollama/llm.go:271.3,271.29 1 0
github.com/hackastak/repog/internal/provider/ollama/llm.go:271.29,278.4 3 0
github.com/hackastak/repog/internal/provider/ollama/llm.go:281.3,284.22 3 0
github.com/hackastak/repog/internal/provider/ollama/llm.go:284.22,286.18 2 0
github.com/hackastak/repog/internal/provider/ollama/llm.go:286.18,287.13 1 0
github.com/hackastak/repog/internal/provider/ollama/llm.go:290.4,291.63 2 0
github.com/hackastak/repog/internal/provider/ollama/llm.go:291.63,292.13 1 0
github.com/hackastak/repog/internal/provider/ollama/llm.go:296.4,296.35 1 0
github.com/hackastak/repog/internal/provider/ollama/llm.go:296.35,299.23 3 0
github.com/hackastak/repog/internal/provider/ollama/llm.go:299.23,301.6 1 0
github.com/hackastak/repog/internal/provider/ollama/llm.go:305.4,305.18 1 0
github.com/hackastak/repog/internal/provider/ollama/llm.go:305.18,306.10 1 0
github.com/hackastak/repog/internal/provider/ollama/llm.go:310.3,312.39 2 0
github.com/hackastak/repog/internal/provider/ollama/llm.go:312.39,317.4 1 0
github.com/hackastak/repog/internal/provider/ollama/llm.go:320.3,327.9 3 0
github.com/hackastak/repog/internal/provider/ollama/llm.go:331.2,331.23 1 0
github.com/hackastak/repog/internal/provider/anthropic/llm.go:18.13,20.121 1 0
github.com/hackastak/repog/internal/provider/anthropic/llm.go:20.121,22.3 1 0
github.com/hackastak/repog/internal/provider/anthropic/llm.go:37.98,38.18 1 0
github.com/hackastak/repog/internal/provider/anthropic/llm.go:38.18,40.3 1 0
github.com/hackastak/repog/internal/provider/anthropic/llm.go:41.2,41.17 1 0
github.com/hackastak/repog/internal/provider/anthropic/llm.go:41.17,43.3 1 0
github.com/hackastak/repog/internal/provider/anthropic/llm.go:44.2,44.25 1 0
github.com/hackastak/repog/internal/provider/anthropic/llm.go:44.25,46.3 1 0
github.com/hackastak/repog/internal/provider/anthropic/llm.go:48.2,53.8 1 0
github.com/hackastak/repog/internal/provider/anthropic/llm.go:57.46,59.2 1 0
github.com/hackastak/repog/internal/provider/anthropic/llm.go:62.68,70.16 3 0
github.com/hackastak/repog/internal/provider/anthropic/llm.go:70.16,72.3 1 0
github.com/hackastak/repog/internal/provider/anthropic/llm.go:73.2,73.12 1 0
github.com/hackastak/repog/internal/provider/anthropic/llm.go:77.125,79.24 1 0
github.com/hackastak/repog/internal/provider/anthropic/llm.go:79.24,81.3 1 0
github.com/hackastak/repog/internal/provider/anthropic/llm.go:82.2,82.26 1 0
github.com/hackastak/repog/internal/provider/anthropic/llm.go:82.26,84.3 1 0
github.com/hackastak/repog/internal/provider/anthropic/llm.go:87.2,105.28 4 0
github.com/hackastak/repog/internal/provider/anthropic/llm.go:105.28,107.3 1 0
github.com/hackastak/repog/internal/provider/anthropic/llm.go:109.2,110.16 2 0
github.com/hackastak/repog/internal/provider/anthropic/llm.go:110.16,115.3 1 0
github.com/hackastak/repog/internal/provider/anthropic/llm.go:118.2,122.31 4 0
github.com/hackastak/repog/internal/provider/anthropic/llm.go:122.31,124.23 1 0
github.com/hackastak/repog/internal/provider/anthropic/llm.go:124.23,127.4 2 0
github.com/hackastak/repog/internal/provider/anthropic/llm.go:129.3,131.17 3 0
github.com/hackastak/repog/internal/provider/anthropic/llm.go:131.17,136.4 1 0
github.com/hackastak/repog/internal/provider/anthropic/llm.go:138.3,143.17 5 0
github.com/hackastak/repog/internal/provider/anthropic/llm.go:143.17,148.4 1 0
github.com/hackastak/repog/internal/provider/anthropic/llm.go:150.3,152.17 3 0
github.com/hackastak/repog/internal/provider/anthropic/llm.go:152.17,157.4 1 0
github.com/hackastak/repog/internal/provider/anthropic/llm.go:160.3,160.55 1 0
github.com/hackastak/repog/internal/provider/anthropic/llm.go:160.55,165.12 2 0
github.com/hackastak/repog/internal/provider/anthropic/llm.go:168.3,168.29 1 0
github.com/hackastak/repog/internal/provider/anthropic/llm.go:168.29,173.4 1 0
github.com/hackastak/repog/internal/provider/anthropic/llm.go:175.3,176.60 2 0
github.com/hackastak/repog/internal/provider/anthropic/llm.go:176.60,181.4 1 0
github.com/hackastak/repog/internal/provider/anthropic/llm.go:184.3,185.43 2 0
github.com/hackastak/repog/internal/provider/anthropic/llm.go:185.43,186.30 1 0
github.com/hackastak/repog/internal/provider/anthropic/llm.go:186.30,188.5 1 0
github.com/hackastak/repog/internal/provider/anthropic/llm.go:192.3,193.27 2 0
github.com/hackastak/repog/internal/provider/anthropic/llm.go:193.27,196.4 2 0
github.com/hackastak/repog/internal/provider/anthropic/llm.go:198.3,202.9 1 0
github.com/hackastak/repog/internal/provider/anthropic/llm.go:206.2,206.23 1 0
github.com/hackastak/repog/internal/provider/anthropic/llm.go:210.149,212.24 1 0
github.com/hackastak/repog/internal/provider/anthropic/llm.go:212.24,214.3 1 0
github.com/hackastak/repog/internal/provider/anthropic/llm.go:215.2,215.26 1 0
github.com/hackastak/repog/internal/provider/anthropic/llm.go:215.26,217.3 1 0
github.com/hackastak/repog/internal/provider/anthropic/llm.go:220.2,237.28 3 0
github.com/hackastak/repog/internal/provider/anthropic/llm.go:237.28,239.3 1 0
github.com/hackastak/repog/internal/provider/anthropic/llm.go:241.2,242.16 2 0
github.com/hackastak/repog/internal/provider/anthropic/llm.go:242.16,247.3 1 0
github.com/hackastak/repog/internal/provider/anthropic/llm.go:250.2,254.31 4 0
github.com/hackastak/repog/internal/provider/anthropic/llm.go:254.31,256.23 1 0
github.com/hackastak/repog/internal/provider/anthropic/llm.go:256.23,259.4 2 0
github.com/hackastak/repog/internal/provider/anthropic/llm.go:261.3,263.17 3 0
github.com/hackastak/repog/internal/provider/anthropic/llm.go:263.17,268.4 1 0
github.com/hackastak/repog/internal/provider/anthropic/llm.go:270.3,275.17 5 0
github.com/hackastak/repog/internal/provider/anthropic/llm.go:275.17,280.4 1 0
github.com/hackastak/repog/internal/provider/anthropic/llm.go:283.3,283.55 1 0
github.com/hackastak/repog/internal/provider/anthropic/llm.go:283.55,290.12 4 0
github.com/hackastak/repog/internal/provider/anthropic/llm.go:293.3,293.29 1 0
github.com/hackastak/repog/internal/provider/anthropic/llm.go:293.29,300.4 3 0
github.com/hackastak/repog/internal/provider/anthropic/llm.go:303.3,307.22 4 0
github.com/hackastak/repog/internal/provider/anthropic/llm.go:307.22,309.42 2 0
github.com/hackastak/repog/internal/provider/anthropic/llm.go:309.42,310.13 1 0
github.com/hackastak/repog/internal/provider/anthropic/llm.go:313.4,317.63 3 0
github.com/hackastak/repog/internal/provider/anthropic/llm.go:317.63,318.13 1 0
github.com/hackastak/repog/internal/provider/anthropic/llm.go:322.4,322.22 1 0
github.com/hackastak/repog/internal/provider/anthropic/llm.go:323.31,324.41 1 0
github.com/hackastak/repog/internal/provider/anthropic/llm.go:324.41,327.24 3 0
github.com/hackastak/repog/internal/provider/anthropic/llm.go:327.24,329.7 1 0
github.com/hackastak/repog/internal/provider/anthropic/llm.go:331.25,332.27 1 0
github.com/hackastak/repog/internal/provider/anthropic/llm.go:332.27,334.6 1 0
github.com/hackastak/repog/internal/provider/anthropic/llm.go:335.25,336.59 1 0
github.com/hackastak/repog/internal/provider/anthropic/llm.go:336.59,338.6 1 0
github.com/hackastak/repog/internal/provider/anthropic/llm.go:342.3,344.39 2 0
github.com/hackastak/repog/internal/provider/anthropic/llm.go:344.39,349.4 1 0
github.com/hackastak/repog/internal/provider/anthropic/llm.go:351.3,355.9 1 0
github.com/hackastak/repog/internal/provider/anthropic/llm.go:359.2,359.23 1 0
github.com/hackastak/repog/internal/provider/voyageai/embedding.go:16.13,18.132 1 0
github.com/hackastak/repog/internal/provider/voyageai/embedding.go:18.132,20.3 1 0
github.com/hackastak/repog/internal/provider/voyageai/embedding.go:35.109,36.18 1 0
github.com/hackastak/repog/internal/provider/voyageai/embedding.go:36.18,38.3 1 0
github.com/hackastak/repog/internal/provider/voyageai/embedding.go:39.2,39.17 1 0
github.com/hackastak/repog/internal/provider/voyageai/embedding.go:39.17,41.3 1 0
github.com/hackastak/repog/internal/provider/voyageai/embedding.go:42.2,42.21 1 0
github.com/hackastak/repog/internal/provider/voyageai/embedding.go:42.21,44.16 1 0
github.com/hackastak/repog/internal/provider/voyageai/embedding.go:45.19,46.21 1 0
github.com/hackastak/repog/internal/provider/voyageai/embedding.go:47.24,48.20 1 0
github.com/hackastak/repog/internal/provider/voyageai/embedding.go:49.24,50.21 1 0
github.com/hackastak/repog/internal/provider/voyageai/embedding.go:51.27,52.21 1 0
github.com/hackastak/repog/internal/provider/voyageai/embedding.go:53.23,54.21 1 0
github.com/hackastak/repog/internal/provider/voyageai/embedding.go:55.19,56.21 1 0
github.com/hackastak/repog/internal/provider/voyageai/embedding.go:57.11,58.21 1 0
github.com/hackastak/repog/internal/provider/voyageai/embedding.go:62.2,68.8 1 0
github.com/hackastak/repog/internal/provider/voyageai/embedding.go:72.51,74.2 1 0
github.com/hackastak/repog/internal/provider/voyageai/embedding.go:77.54,79.2 1 0
github.com/hackastak/repog/internal/provider/voyageai/embedding.go:82.53,84.2 1 0
github.com/hackastak/repog/internal/provider/voyageai/embedding.go:87.73,90.19 2 0
github.com/hackastak/repog/internal/provider/voyageai/embedding.go:90.19,92.3 1 0
github.com/hackastak/repog/internal/provider/voyageai/embedding.go:93.2,93.12 1 0
github.com/hackastak/repog/internal/provider/voyageai/embedding.go:97.128,103.22 2 0
github.com/hackastak/repog/internal/provider/voyageai/embedding.go:103.22,105.3 1 0
github.com/hackastak/repog/internal/provider/voyageai/embedding.go:108.2,109.31 2 0
github.com/hackastak/repog/internal/provider/voyageai/embedding.go:109.31,111.3 1 0
github.com/hackastak/repog/internal/provider/voyageai/embedding.go:113.2,120.16 3 0
github.com/hackastak/repog/internal/provider/voyageai/embedding.go:120.16,122.32 2 0
github.com/hackastak/repog/internal/provider/voyageai/embedding.go:122.32,128.4 1 0
github.com/hackastak/repog/internal/provider/voyageai/embedding.go:129.3,129.16 1 0
github.com/hackastak/repog/internal/provider/voyageai/embedding.go:133.2,135.16 3 0
github.com/hackastak/repog/internal/provider/voyageai/embedding.go:135.16,137.32 2 0
github.com/hackastak/repog/internal/provider/voyageai/embedding.go:137.32,143.4 1 0
github.com/hackastak/repog/internal/provider/voyageai/embedding.go:144.3,144.16 1 0
github.com/hackastak/repog/internal/provider/voyageai/embedding.go:147.2,152.16 5 0
github.com/hackastak/repog/internal/provider/voyageai/embedding.go:152.16,154.32 2 0
github.com/hackastak/repog/internal/provider/voyageai/embedding.go:154.32,160.4 1 0
github.com/hackastak/repog/internal/provider/voyageai/embedding.go:161.3,161.16 1 0
github.com/hackastak/repog/internal/provider/voyageai/embedding.go:163.2,163.15 1 0
github.com/hackastak/repog/internal/provider/voyageai/embedding.go:163.15,163.40 1 0
github.com/hackastak/repog/internal/provider/voyageai/embedding.go:165.2,166.16 2 0
github.com/hackastak/repog/internal/provider/voyageai/embedding.go:166.16,168.32 2 0
github.com/hackastak/repog/internal/provider/voyageai/embedding.go:168.32,174.4 1 0
github.com/hackastak/repog/internal/provider/voyageai/embedding.go:175.3,175.16 1 0
github.com/hackastak/repog/internal/provider/voyageai/embedding.go:178.2,178.28 1 0
github.com/hackastak/repog/internal/provider/voyageai/embedding.go:178.28,181.32 3 0
github.com/hackastak/repog/internal/provider/voyageai/embedding.go:181.32,187.4 1 0
github.com/hackastak/repog/internal/provider/voyageai/embedding.go:188.3,188.16 1 0
github.com/hackastak/repog/internal/provider/voyageai/embedding.go:191.2,192.61 2 0
github.com/hackastak/repog/internal/provider/voyageai/embedding.go:192.61,194.32 2 0
github.com/hackastak/repog/internal/provider/voyageai/embedding.go:194.32,200.4 1 0
github.com/hackastak/repog/internal/provider/voyageai/embedding.go:201.3,201.16 1 0
github.com/hackastak/repog/internal/provider/voyageai/embedding.go:205.2,205.31 1 0
github.com/hackastak/repog/internal/provider/voyageai/embedding.go:205.31,206.31 1 0
github.com/hackastak/repog/internal/provider/voyageai/embedding.go:206.31,213.12 3 0
github.com/hackastak/repog/internal/provider/voyageai/embedding.go:216.3,217.37 2 0
github.com/hackastak/repog/internal/provider/voyageai/embedding.go:217.37,224.12 3 0
github.com/hackastak/repog/internal/provider/voyageai/embedding.go:227.3,231.5 1 0
github.com/hackastak/repog/internal/provider/voyageai/embedding.go:234.2,234.15 1 0
github.com/hackastak/repog/internal/provider/voyageai/embedding.go:238.93,246.16 3 0
github.com/hackastak/repog/internal/provider/voyageai/embedding.go:246.16,248.3 1 0
github.com/hackastak/repog/internal/provider/voyageai/embedding.go:250.2,252.16 3 0
github.com/hackastak/repog/internal/provider/voyageai/embedding.go:252.16,254.3 1 0
github.com/hackastak/repog/internal/provider/voyageai/embedding.go:256.2,261.16 5 0
github.com/hackastak/repog/internal/provider/voyageai/embedding.go:261.16,263.3 1 0
github.com/hackastak/repog/internal/provider/voyageai/embedding.go:264.2,264.15 1 0
github.com/hackastak/repog/internal/provider/voyageai/embedding.go:264.15,264.40 1 0
github.com/hackastak/repog/internal/provider/voyageai/embedding.go:266.2,266.28 1 0
github.com/hackastak/repog/internal/provider/voyageai/embedding.go:266.28,268.3 1 0
github.com/hackastak/repog/internal/provider/voyageai/embedding.go:270.2,271.16 2 0
github.com/hackastak/repog/internal/provider/voyageai/embedding.go:271.16,273.3 1 0
github.com/hackastak/repog/internal/provider/voyageai/embedding.go:275.2,276.61 2 0
github.com/hackastak/repog/internal/provider/voyageai/embedding.go:276.61,278.3 1 0
github.com/hackastak/repog/internal/provider/voyageai/embedding.go:280.2,280.82 1 0
github.com/hackastak/repog/internal/provider/voyageai/embedding.go:280.82,282.3 1 0
github.com/hackastak/repog/internal/provider/voyageai/embedding.go:284.2,284.36 1 0
github.com/hackastak/repog/internal/provider/openrouter/embedding.go:16.13,18.134 1 0
github.com/hackastak/repog/internal/provider/openrouter/embedding.go:18.134,20.3 1 0
github.com/hackastak/repog/internal/provider/openrouter/embedding.go:21.2,21.122 1 0
github.com/hackastak/repog/internal/provider/openrouter/embedding.go:21.122,23.3 1 0
github.com/hackastak/repog/internal/provider/openrouter/embedding.go:38.113,39.18 1 0
github.com/hackastak/repog/internal/provider/openrouter/embedding.go:39.18,41.3 1 0
github.com/hackastak/repog/internal/provider/openrouter/embedding.go:42.2,42.17 1 0
github.com/hackastak/repog/internal/provider/openrouter/embedding.go:42.17,44.3 1 0
github.com/hackastak/repog/internal/provider/openrouter/embedding.go:45.2,45.21 1 0
github.com/hackastak/repog/internal/provider/openrouter/embedding.go:45.21,47.16 1 0
github.com/hackastak/repog/internal/provider/openrouter/embedding.go:48.40,49.21 1 0
github.com/hackastak/repog/internal/provider/openrouter/embedding.go:50.40,51.21 1 0
github.com/hackastak/repog/internal/provider/openrouter/embedding.go:52.33,53.21 1 0
github.com/hackastak/repog/internal/provider/openrouter/embedding.go:54.11,55.21 1 0
github.com/hackastak/repog/internal/provider/openrouter/embedding.go:59.2,65.8 1 0
github.com/hackastak/repog/internal/provider/openrouter/embedding.go:69.53,71.2 1 0
github.com/hackastak/repog/internal/provider/openrouter/embedding.go:74.56,76.2 1 0
github.com/hackastak/repog/internal/provider/openrouter/embedding.go:79.55,81.2 1 0
github.com/hackastak/repog/internal/provider/openrouter/embedding.go:84.75,87.19 2 0
github.com/hackastak/repog/internal/provider/openrouter/embedding.go:87.19,89.3 1 0
github.com/hackastak/repog/internal/provider/openrouter/embedding.go:90.2,90.12 1 0
github.com/hackastak/repog/internal/provider/openrouter/embedding.go:94.130,100.22 2 0
github.com/hackastak/repog/internal/provider/openrouter/embedding.go:100.22,102.3 1 0
github.com/hackastak/repog/internal/provider/openrouter/embedding.go:105.2,106.31 2 0
github.com/hackastak/repog/internal/provider/openrouter/embedding.go:106.31,108.3 1 0
github.com/hackastak/repog/internal/provider/openrouter/embedding.go:110.2,117.16 3 0
github.com/hackastak/repog/internal/provider/openrouter/embedding.go:117.16,119.32 2 0
github.com/hackastak/repog/internal/provider/openrouter/embedding.go:119.32,125.4 1 0
github.com/hackastak/repog/internal/provider/openrouter/embedding.go:126.3,126.16 1 0
github.com/hackastak/repog/internal/provider/openrouter/embedding.go:130.2,132.16 3 0
github.com/hackastak/repog/internal/provider/openrouter/embedding.go:132.16,134.32 2 0
github.com/hackastak/repog/internal/provider/openrouter/embedding.go:134.32,140.4 1 0
github.com/hackastak/repog/internal/provider/openrouter/embedding.go:141.3,141.16 1 0
github.com/hackastak/repog/internal/provider/openrouter/embedding.go:144.2,150.16 6 0
github.com/hackastak/repog/internal/provider/openrouter/embedding.go:150.16,152.32 2 0
github.com/hackastak/repog/internal/provider/openrouter/embedding.go:152.32,158.4 1 0
github.com/hackastak/repog/internal/provider/openrouter/embedding.go:159.3,159.16 1 0
github.com/hackastak/repog/internal/provider/openrouter/embedding.go:161.2,161.15 1 0
github.com/hackastak/repog/internal/provider/openrouter/embedding.go:161.15,161.40 1 0
github.com/hackastak/repog/internal/provider/openrouter/embedding.go:163.2,164.16 2 0
github.com/hackastak/repog/internal/provider/openrouter/embedding.go:164.16,166.32 2 0
github.com/hackastak/repog/internal/provider/openrouter/embedding.go:166.32,172.4 1 0
github.com/hackastak/repog/internal/provider/openrouter/embedding.go:173.3,173.16 1 0
github.com/hackastak/repog/internal/provider/openrouter/embedding.go:176.2,176.28 1 0
github.com/hackastak/repog/internal/provider/openrouter/embedding.go:176.28,179.32 3 0
github.com/hackastak/repog/internal/provider/openrouter/embedding.go:179.32,185.4 1 0
github.com/hackastak/repog/internal/provider/openrouter/embedding.go:186.3,186.16 1 0
github.com/hackastak/repog/internal/provider/openrouter/embedding.go:189.2,190.61 2 0
github.com/hackastak/repog/internal/provider/openrouter/embedding.go:190.61,192.32 2 0
github.com/hackastak/repog/internal/provider/openrouter/embedding.go:192.32,198.4 1 0
github.com/hackastak/repog/internal/provider/openrouter/embedding.go:199.3,199.16 1 0
github.com/hackastak/repog/internal/provider/openrouter/embedding.go:203.2,203.31 1 0
github.com/hackastak/repog/internal/provider/openrouter/embedding.go:203.31,204.31 1 0
github.com/hackastak/repog/internal/provider/openrouter/embedding.go:204.31,211.12 3 0
github.com/hackastak/repog/internal/provider/openrouter/embedding.go:214.3,215.37 2 0
github.com/hackastak/repog/internal/provider/openrouter/embedding.go:215.37,222.12 3 0
github.com/hackastak/repog/internal/provider/openrouter/embedding.go:225.3,229.5 1 0
github.com/hackastak/repog/internal/provider/openrouter/embedding.go:232.2,232.15 1 0
github.com/hackastak/repog/internal/provider/openrouter/embedding.go:236.95,244.16 3 0
github.com/hackastak/repog/internal/provider/openrouter/embedding.go:244.16,246.3 1 0
github.com/hackastak/repog/internal/provider/openrouter/embedding.go:248.2,250.16 3 0
github.com/hackastak/repog/internal/provider/openrouter/embedding.go:250.16,252.3 1 0
github.com/hackastak/repog/internal/provider/openrouter/embedding.go:254.2,260.16 6 0
github.com/hackastak/repog/internal/provider/openrouter/embedding.go:260.16,262.3 1 0
github.com/hackastak/repog/internal/provider/openrouter/embedding.go:263.2,263.15 1 0
github.com/hackastak/repog/internal/provider/openrouter/embedding.go:263.15,263.40 1 0
github.com/hackastak/repog/internal/provider/openrouter/embedding.go:265.2,265.28 1 0
github.com/hackastak/repog/internal/provider/openrouter/embedding.go:265.28,267.3 1 0
github.com/hackastak/repog/internal/provider/openrouter/embedding.go:269.2,270.16 2 0
github.com/hackastak/repog/internal/provider/openrouter/embedding.go:270.16,272.3 1 0
github.com/hackastak/repog/internal/provider/openrouter/embedding.go:274.2,275.61 2 0
github.com/hackastak/repog/internal/provider/openrouter/embedding.go:275.61,277.3 1 0
github.com/hackastak/repog/internal/provider/openrouter/embedding.go:279.2,279.82 1 0
github.com/hackastak/repog/internal/provider/openrouter/embedding.go:279.82,281.3 1 0
github.com/hackastak/repog/internal/provider/openrouter/embedding.go:283.2,283.36 1 0
github.com/hackastak/repog/internal/provider/openrouter/llm.go:26.100,27.18 1 0
github.com/hackastak/repog/internal/provider/openrouter/llm.go:27.18,29.3 1 0
github.com/hackastak/repog/internal/provider/openrouter/llm.go:30.2,30.17 1 0
github.com/hackastak/repog/internal/provider/openrouter/llm.go:30.17,32.3 1 0
github.com/hackastak/repog/internal/provider/openrouter/llm.go:33.2,33.25 1 0
github.com/hackastak/repog/internal/provider/openrouter/llm.go:33.25,35.3 1 0
github.com/hackastak/repog/internal/provider/openrouter/llm.go:37.2,42.8 1 0
github.com/hackastak/repog/internal/provider/openrouter/llm.go:46.47,48.2 1 0
github.com/hackastak/repog/internal/provider/openrouter/llm.go:51.69,59.16 3 0
github.com/hackastak/repog/internal/provider/openrouter/llm.go:59.16,61.3 1 0
github.com/hackastak/repog/internal/provider/openrouter/llm.go:62.2,62.12 1 0
github.com/hackastak/repog/internal/provider/openrouter/llm.go:66.126,68.24 1 0
github.com/hackastak/repog/internal/provider/openrouter/llm.go:68.24,70.3 1 0
github.com/hackastak/repog/internal/provider/openrouter/llm.go:71.2,71.26 1 0
github.com/hackastak/repog/internal/provider/openrouter/llm.go:71.26,73.3 1 0
github.com/hackastak/repog/internal/provider/openrouter/llm.go:76.2,77.28 2 0
github.com/hackastak/repog/internal/provider/openrouter/llm.go:77.28,82.3 1 0
github.com/hackastak/repog/internal/provider/openrouter/llm.go:83.2,98.16 4 0
github.com/hackastak/repog/internal/provider/openrouter/llm.go:98.16,103.3 1 0
github.com/hackastak/repog/internal/provider/openrouter/llm.go:106.2,110.31 4 0
github.com/hackastak/repog/internal/provider/openrouter/llm.go:110.31,112.23 1 0
github.com/hackastak/repog/internal/provider/openrouter/llm.go:112.23,115.4 2 0
github.com/hackastak/repog/internal/provider/openrouter/llm.go:117.3,119.17 3 0
github.com/hackastak/repog/internal/provider/openrouter/llm.go:119.17,124.4 1 0
github.com/hackastak/repog/internal/provider/openrouter/llm.go:126.3,131.17 5 0
github.com/hackastak/repog/internal/provider/openrouter/llm.go:131.17,136.4 1 0
github.com/hackastak/repog/internal/provider/openrouter/llm.go:138.3,140.17 3 0
github.com/hackastak/repog/internal/provider/openrouter/llm.go:140.17,145.4 1 0
github.com/hackastak/repog/internal/provider/openrouter/llm.go:148.3,148.55 1 0
github.com/hackastak/repog/internal/provider/openrouter/llm.go:148.55,153.12 2 0
github.com/hackastak/repog/internal/provider/openrouter/llm.go:156.3,156.29 1 0
github.com/hackastak/repog/internal/provider/openrouter/llm.go:156.29,161.4 1 0
github.com/hackastak/repog/internal/provider/openrouter/llm.go:163.3,164.61 2 0
github.com/hackastak/repog/internal/provider/openrouter/llm.go:164.61,169.4 1 0
github.com/hackastak/repog/internal/provider/openrouter/llm.go:172.3,173.32 2 0
github.com/hackastak/repog/internal/provider/openrouter/llm.go:173.32,175.4 1 0
github.com/hackastak/repog/internal/provider/openrouter/llm.go:177.3,181.9 1 0
github.com/hackastak/repog/internal/provider/openrouter/llm.go:185.2,185.23 1 0
github.com/hackastak/repog/internal/provider/openrouter/llm.go:189.150,191.24 1 0
github.com/hackastak/repog/internal/provider/openrouter/llm.go:191.24,193.3 1 0
github.com/hackastak/repog/internal/provider/openrouter/llm.go:194.2,194.26 1 0
github.com/hackastak/repog/internal/provider/openrouter/llm.go:194.26,196.3 1 0
github.com/hackastak/repog/internal/provider/openrouter/llm.go:199.2,200.28 2 0
github.com/hackastak/repog/internal/provider/openrouter/llm.go:200.28,205.3 1 0
github.com/hackastak/repog/internal/provider/openrouter/llm.go:206.2,221.16 4 0
github.com/hackastak/repog/internal/provider/openrouter/llm.go:221.16,226.3 1 0
github.com/hackastak/repog/internal/provider/openrouter/llm.go:229.2,233.31 4 0
github.com/hackastak/repog/internal/provider/openrouter/llm.go:233.31,235.23 1 0
github.com/hackastak/repog/internal/provider/openrouter/llm.go:235.23,238.4 2 0
github.com/hackastak/repog/internal/provider/openrouter/llm.go:240.3,242.17 3 0
github.com/hackastak/repog/internal/provider/openrouter/llm.go:242.17,247.4 1 0
github.com/hackastak/repog/internal/provider/openrouter/llm.go:249.3,254.17 5 0
github.com/hackastak/repog/internal/provider/openrouter/llm.go:254.17,259.4 1 0
github.com/hackastak/repog/internal/provider/openrouter/llm.go:262.3,262.55 1 0
github.com/hackastak/repog/internal/provider/openrouter/llm.go:262.55,269.12 4 0
github.com/hackastak/repog/internal/provider/openrouter/llm.go:272.3,272.29 1 0
github.com/hackastak/repog/internal/provider/openrouter/llm.go:272.29,279.4 3 0
github.com/hackastak/repog/internal/provider/openrouter/llm.go:282.3,286.22 4 0
github.com/hackastak/repog/internal/provider/openrouter/llm.go:286.22,288.42 2 0
github.com/hackastak/repog/internal/provider/openrouter/llm.go:288.42,289.13 1 0
github.com/hackastak/repog/internal/provider/openrouter/llm.go:292.4,293.24 2 0
github.com/hackastak/repog/internal/provider/openrouter/llm.go:293.24,294.10 1 0
github.com/hackastak/repog/internal/provider/openrouter/llm.go:297.4,298.63 2 0
github.com/hackastak/repog/internal/provider/openrouter/llm.go:298.63,299.13 1 0
github.com/hackastak/repog/internal/provider/openrouter/llm.go:303.4,303.70 1 0
github.com/hackastak/repog/internal/provider/openrouter/llm.go:303.70,306.23 3 0
github.com/hackastak/repog/internal/provider/openrouter/llm.go:306.23,308.6 1 0
github.com/hackastak/repog/internal/provider/openrouter/llm.go:312.4,312.26 1 0
github.com/hackastak/repog/internal/provider/openrouter/llm.go:312.26,315.5 2 0
github.com/hackastak/repog/internal/provider/openrouter/llm.go:318.3,320.39 2 0
github.com/hackastak/repog/internal/provider/openrouter/llm.go:320.39,325.4 1 0
github.com/hackastak/repog/internal/provider/openrouter/llm.go:327.3,331.9 1 0
github.com/hackastak/repog/internal/provider/openrouter/llm.go:335.2,335.23 1 0
github.com/hackastak/repog/internal/provider/openai/embedding.go:16.13,18.130 1 0
github.com/hackastak/repog/internal/provider/openai/embedding.go:18.130,20.3 1 0
github.com/hackastak/repog/internal/provider/openai/embedding.go:21.2,21.118 1 0
github.com/hackastak/repog/internal/provider/openai/embedding.go:21.118,23.3 1 0
github.com/hackastak/repog/internal/provider/openai/embedding.go:38.105,39.18 1 0
github.com/hackastak/repog/internal/provider/openai/embedding.go:39.18,41.3 1 0
github.com/hackastak/repog/internal/provider/openai/embedding.go:42.2,42.17 1 0
github.com/hackastak/repog/internal/provider/openai/embedding.go:42.17,44.3 1 0
github.com/hackastak/repog/internal/provider/openai/embedding.go:45.2,45.21 1 0
github.com/hackastak/repog/internal/provider/openai/embedding.go:45.21,47.16 1 0
github.com/hackastak/repog/internal/provider/openai/embedding.go:48.33,49.21 1 0
github.com/hackastak/repog/internal/provider/openai/embedding.go:50.33,51.21 1 0
github.com/hackastak/repog/internal/provider/openai/embedding.go:52.33,53.21 1 0
github.com/hackastak/repog/internal/provider/openai/embedding.go:54.11,55.21 1 0
github.com/hackastak/repog/internal/provider/openai/embedding.go:59.2,65.8 1 0
github.com/hackastak/repog/internal/provider/openai/embedding.go:69.49,71.2 1 0
github.com/hackastak/repog/internal/provider/openai/embedding.go:74.52,76.2 1 0
github.com/hackastak/repog/internal/provider/openai/embedding.go:79.51,81.2 1 0
github.com/hackastak/repog/internal/provider/openai/embedding.go:84.71,87.19 2 0
github.com/hackastak/repog/internal/provider/openai/embedding.go:87.19,89.3 1 0
github.com/hackastak/repog/internal/provider/openai/embedding.go:90.2,90.12 1 0
github.com/hackastak/repog/internal/provider/openai/embedding.go:94.126,100.22 2 0
github.com/hackastak/repog/internal/provider/openai/embedding.go:100.22,102.3 1 0
github.com/hackastak/repog/internal/provider/openai/embedding.go:105.2,106.31 2 0
github.com/hackastak/repog/internal/provider/openai/embedding.go:106.31,108.3 1 0
github.com/hackastak/repog/internal/provider/openai/embedding.go:110.2,117.16 3 0
github.com/hackastak/repog/internal/provider/openai/embedding.go:117.16,119.32 2 0
github.com/hackastak/repog/internal/provider/openai/embedding.go:119.32,125.4 1 0
github.com/hackastak/repog/internal/provider/openai/embedding.go:126.3,126.16 1 0
github.com/hackastak/repog/internal/provider/openai/embedding.go:130.2,132.16 3 0
github.com/hackastak/repog/internal/provider/openai/embedding.go:132.16,134.32 2 0
github.com/hackastak/repog/internal/provider/openai/embedding.go:134.32,140.4 1 0
github.com/hackastak/repog/internal/provider/openai/embedding.go:141.3,141.16 1 0
github.com/hackastak/repog/internal/provider/openai/embedding.go:144.2,149.16 5 0
github.com/hackastak/repog/internal/provider/openai/embedding.go:149.16,151.32 2 0
github.com/hackastak/repog/internal/provider/openai/embedding.go:151.32,157.4 1 0
github.com/hackastak/repog/internal/provider/openai/embedding.go:158.3,158.16 1 0
github.com/hackastak/repog/internal/provider/openai/embedding.go:160.2,160.15 1 0
github.com/hackastak/repog/internal/provider/openai/embedding.go:160.15,160.40 1 0
github.com/hackastak/repog/internal/provider/openai/embedding.go:162.2,163.16 2 0
github.com/hackastak/repog/internal/provider/openai/embedding.go:163.16,165.32 2 0
github.com/hackastak/repog/internal/provider/openai/embedding.go:165.32,171.4 1 0
github.com/hackastak/repog/internal/provider/openai/embedding.go:172.3,172.16 1 0
github.com/hackastak/repog/internal/provider/openai/embedding.go:175.2,175.28 1 0
github.com/hackastak/repog/internal/provider/openai/embedding.go:175.28,178.32 3 0
github.com/hackastak/repog/internal/provider/openai/embedding.go:178.32,184.4 1 0
github.com/hackastak/repog/internal/provider/openai/embedding.go:185.3,185.16 1 0
github.com/hackastak/repog/internal/provider/openai/embedding.go:188.2,189.61 2 0
github.com/hackastak/repog/internal/provider/openai/embedding.go:189.61,191.32 2 0
github.com/hackastak/repog/internal/provider/openai/embedding.go:191.32,197.4 1 0
github.com/hackastak/repog/internal/provider/openai/embedding.go:198.3,198.16 1 0
github.com/hackastak/repog/internal/provider/openai/embedding.go:202.2,202.31 1 0
github.com/hackastak/repog/internal/provider/openai/embedding.go:202.31,203.31 1 0
github.com/hackastak/repog/internal/provider/openai/embedding.go:203.31,210.12 3 0
github.com/hackastak/repog/internal/provider/openai/embedding.go:213.3,214.37 2 0
github.com/hackastak/repog/internal/provider/openai/embedding.go:214.37,221.12 3 0
github.com/hackastak/repog/internal/provider/openai/embedding.go:224.3,228.5 1 0
github.com/hackastak/repog/internal/provider/openai/embedding.go:231.2,231.15 1 0
github.com/hackastak/repog/internal/provider/openai/embedding.go:235.91,243.16 3 0
github.com/hackastak/repog/internal/provider/openai/embedding.go:243.16,245.3 1 0
github.com/hackastak/repog/internal/provider/openai/embedding.go:247.2,249.16 3 0
github.com/hackastak/repog/internal/provider/openai/embedding.go:249.16,251.3 1 0
github.com/hackastak/repog/internal/provider/openai/embedding.go:253.2,258.16 5 0
github.com/hackastak/repog/internal/provider/openai/embedding.go:258.16,260.3 1 0
github.com/hackastak/repog/internal/provider/openai/embedding.go:261.2,261.15 1 0
github.com/hackastak/repog/internal/provider/openai/embedding.go:261.15,261.40 1 0
github.com/hackastak/repog/internal/provider/openai/embedding.go:263.2,263.28 1 0
github.com/hackastak/repog/internal/provider/openai/embedding.go:263.28,265.3 1 0
github.com/hackastak/repog/internal/provider/openai/embedding.go:267.2,268.16 2 0
github.com/hackastak/repog/internal/provider/openai/embedding.go:268.16,270.3 1 0
github.com/hackastak/repog/internal/provider/openai/embedding.go:272.2,273.61 2 0
github.com/hackastak/repog/internal/provider/openai/embedding.go:273.61,275.3 1 0
github.com/hackastak/repog/internal/provider/openai/embedding.go:277.2,277.82 1 0
github.com/hackastak/repog/internal/provider/openai/embedding.go:277.82,279.3 1 0
github.com/hackastak/repog/internal/provider/openai/embedding.go:281.2,281.36 1 0
github.com/hackastak/repog/internal/provider/openai/llm.go:26.92,27.18 1 0
github.com/hackastak/repog/internal/provider/openai/llm.go:27.18,29.3 1 0
github.com/hackastak/repog/internal/provider/openai/llm.go:30.2,30.17 1 0
github.com/hackastak/repog/internal/provider/openai/llm.go:30.17,32.3 1 0
github.com/hackastak/repog/internal/provider/openai/llm.go:33.2,33.25 1 0
github.com/hackastak/repog/internal/provider/openai/llm.go:33.25,35.3 1 0
github.com/hackastak/repog/internal/provider/openai/llm.go:37.2,42.8 1 0
github.com/hackastak/repog/internal/provider/openai/llm.go:46.43,48.2 1 0
github.com/hackastak/repog/internal/provider/openai/llm.go:51.65,59.16 3 0
github.com/hackastak/repog/internal/provider/openai/llm.go:59.16,61.3 1 0
github.com/hackastak/repog/internal/provider/openai/llm.go:62.2,62.12 1 0
github.com/hackastak/repog/internal/provider/openai/llm.go:66.122,68.24 1 0
github.com/hackastak/repog/internal/provider/openai/llm.go:68.24,70.3 1 0
github.com/hackastak/repog/internal/provider/openai/llm.go:71.2,71.26 1 0
github.com/hackastak/repog/internal/provider/openai/llm.go:71.26,73.3 1 0
github.com/hackastak/repog/internal/provider/openai/llm.go:76.2,77.28 2 0
github.com/hackastak/repog/internal/provider/openai/llm.go:77.28,82.3 1 0
github.com/hackastak/repog/internal/provider/openai/llm.go:83.2,98.16 4 0
github.com/hackastak/repog/internal/provider/openai/llm.go:98.16,103.3 1 0
github.com/hackastak/repog/internal/provider/openai/llm.go:106.2,110.31 4 0
github.com/hackastak/repog/internal/provider/openai/llm.go:110.31,112.23 1 0
github.com/hackastak/repog/internal/provider/openai/llm.go:112.23,115.4 2 0
github.com/hackastak/repog/internal/provider/openai/llm.go:117.3,119.17 3 0
github.com/hackastak/repog/internal/provider/openai/llm.go:119.17,124.4 1 0
github.com/hackastak/repog/internal/provider/openai/llm.go:126.3,130.17 4 0
github.com/hackastak/repog/internal/provider/openai/llm.go:130.17,135.4 1 0
github.com/hackastak/repog/internal/provider/openai/llm.go:137.3,139.17 3 0
github.com/hackastak/repog/internal/provider/openai/llm.go:139.17,144.4 1 0
github.com/hackastak/repog/internal/provider/openai/llm.go:147.3,147.55 1 0
github.com/hackastak/repog/internal/provider/openai/llm.go:147.55,152.12 2 0
github.com/hackastak/repog/internal/provider/openai/llm.go:155.3,155.29 1 0
github.com/hackastak/repog/internal/provider/openai/llm.go:155.29,160.4 1 0
github.com/hackastak/repog/internal/provider/openai/llm.go:162.3,163.61 2 0
github.com/hackastak/repog/internal/provider/openai/llm.go:163.61,168.4 1 0
github.com/hackastak/repog/internal/provider/openai/llm.go:171.3,172.32 2 0
github.com/hackastak/repog/internal/provider/openai/llm.go:172.32,174.4 1 0
github.com/hackastak/repog/internal/provider/openai/llm.go:176.3,180.9 1 0
github.com/hackastak/repog/internal/provider/openai/llm.go:184.2,184.23 1 0
github.com/hackastak/repog/internal/provider/openai/llm.go:188.146,190.24 1 0
github.com/hackastak/repog/internal/provider/openai/llm.go:190.24,192.3 1 0
github.com/hackastak/repog/internal/provider/openai/llm.go:193.2,193.26 1 0
github.com/hackastak/repog/internal/provider/openai/llm.go:193.26,195.3 1 0
github.com/hackastak/repog/internal/provider/openai/llm.go:198.2,199.28 2 0
github.com/hackastak/repog/internal/provider/openai/llm.go:199.28,204.3 1 0
github.com/hackastak/repog/internal/provider/openai/llm.go:205.2,220.16 4 0
github.com/hackastak/repog/internal/provider/openai/llm.go:220.16,225.3 1 0
github.com/hackastak/repog/internal/provider/openai/llm.go:228.2,232.31 4 0
github.com/hackastak/repog/internal/provider/openai/llm.go:232.31,234.23 1 0
github.com/hackastak/repog/internal/provider/openai/llm.go:234.23,237.4 2 0
github.com/hackastak/repog/internal/provider/openai/llm.go:239.3,241.17 3 0
github.com/hackastak/repog/internal/provider/openai/llm.go:241.17,246.4 1 0
github.com/hackastak/repog/internal/provider/openai/llm.go:248.3,252.17 4 0
github.com/hackastak/repog/internal/provider/openai/llm.go:252.17,257.4 1 0
github.com/hackastak/repog/internal/provider/openai/llm.go:260.3,260.55 1 0
github.com/hackastak/repog/internal/provider/openai/llm.go:260.55,267.12 4 0
github.com/hackastak/repog/internal/provider/openai/llm.go:270.3,270.29 1 0
github.com/hackastak/repog/internal/provider/openai/llm.go:270.29,277.4 3 0
github.com/hackastak/repog/internal/provider/openai/llm.go:280.3,284.22 4 0
github.com/hackastak/repog/internal/provider/openai/llm.go:284.22,286.42 2 0
github.com/hackastak/repog/internal/provider/openai/llm.go:286.42,287.13 1 0
github.com/hackastak/repog/internal/provider/openai/llm.go:290.4,291.24 2 0
github.com/hackastak/repog/internal/provider/openai/llm.go:291.24,292.10 1 0
github.com/hackastak/repog/internal/provider/openai/llm.go:295.4,296.63 2 0
github.com/hackastak/repog/internal/provider/openai/llm.go:296.63,297.13 1 0
github.com/hackastak/repog/internal/provider/openai/llm.go:301.4,301.70 1 0
github.com/hackastak/repog/internal/provider/openai/llm.go:301.70,304.23 3 0
github.com/hackastak/repog/internal/provider/openai/llm.go:304.23,306.6 1 0
github.com/hackastak/repog/internal/provider/openai/llm.go:310.4,310.26 1 0
github.com/hackastak/repog/internal/provider/openai/llm.go:310.26,313.5 2 0
github.com/hackastak/repog/internal/provider/openai/llm.go:316.3,318.39 2 0
github.com/hackastak/repog/internal/provider/openai/llm.go:318.39,323.4 1 0
github.com/hackastak/repog/internal/provider/openai/llm.go:325.3,329.9 1 0
github.com/hackastak/repog/internal/provider/openai/llm.go:333.2,333.23 1 0
github.com/hackastak/repog/internal/provider/gemini/embedding.go:16.13,18.130 1 0
github.com/hackastak/repog/internal/provider/gemini/embedding.go:18.130,20.3 1 0
github.com/hackastak/repog/internal/provider/gemini/embedding.go:21.2,21.118 1 0
github.com/hackastak/repog/internal/provider/gemini/embedding.go:21.118,23.3 1 0
github.com/hackastak/repog/internal/provider/gemini/embedding.go:38.105,39.18 1 0
github.com/hackastak/repog/internal/provider/gemini/embedding.go:39.18,41.3 1 0
github.com/hackastak/repog/internal/provider/gemini/embedding.go:42.2,42.17 1 0
github.com/hackastak/repog/internal/provider/gemini/embedding.go:42.17,44.3 1 0
github.com/hackastak/repog/internal/provider/gemini/embedding.go:45.2,45.21 1 0
github.com/hackastak/repog/internal/provider/gemini/embedding.go:45.21,47.3 1 0
github.com/hackastak/repog/internal/provider/gemini/embedding.go:49.2,55.8 1 0
github.com/hackastak/repog/internal/provider/gemini/embedding.go:59.49,61.2 1 0
github.com/hackastak/repog/internal/provider/gemini/embedding.go:64.52,66.2 1 0
github.com/hackastak/repog/internal/provider/gemini/embedding.go:69.51,71.2 1 0
github.com/hackastak/repog/internal/provider/gemini/embedding.go:74.71,77.19 2 0
github.com/hackastak/repog/internal/provider/gemini/embedding.go:77.19,79.3 1 0
github.com/hackastak/repog/internal/provider/gemini/embedding.go:80.2,80.12 1 0
github.com/hackastak/repog/internal/provider/gemini/embedding.go:84.126,90.22 2 0
github.com/hackastak/repog/internal/provider/gemini/embedding.go:90.22,92.3 1 0
github.com/hackastak/repog/internal/provider/gemini/embedding.go:95.2,96.31 2 0
github.com/hackastak/repog/internal/provider/gemini/embedding.go:96.31,105.3 1 0
github.com/hackastak/repog/internal/provider/gemini/embedding.go:107.2,109.16 3 0
github.com/hackastak/repog/internal/provider/gemini/embedding.go:109.16,112.32 2 0
github.com/hackastak/repog/internal/provider/gemini/embedding.go:112.32,118.4 1 0
github.com/hackastak/repog/internal/provider/gemini/embedding.go:119.3,119.16 1 0
github.com/hackastak/repog/internal/provider/gemini/embedding.go:123.2,125.16 3 0
github.com/hackastak/repog/internal/provider/gemini/embedding.go:125.16,127.32 2 0
github.com/hackastak/repog/internal/provider/gemini/embedding.go:127.32,133.4 1 0
github.com/hackastak/repog/internal/provider/gemini/embedding.go:134.3,134.16 1 0
github.com/hackastak/repog/internal/provider/gemini/embedding.go:136.2,140.16 4 0
github.com/hackastak/repog/internal/provider/gemini/embedding.go:140.16,142.32 2 0
github.com/hackastak/repog/internal/provider/gemini/embedding.go:142.32,148.4 1 0
github.com/hackastak/repog/internal/provider/gemini/embedding.go:149.3,149.16 1 0
github.com/hackastak/repog/internal/provider/gemini/embedding.go:151.2,151.15 1 0
github.com/hackastak/repog/internal/provider/gemini/embedding.go:151.15,151.40 1 0
github.com/hackastak/repog/internal/provider/gemini/embedding.go:153.2,154.16 2 0
github.com/hackastak/repog/internal/provider/gemini/embedding.go:154.16,156.32 2 0
github.com/hackastak/repog/internal/provider/gemini/embedding.go:156.32,162.4 1 0
github.com/hackastak/repog/internal/provider/gemini/embedding.go:163.3,163.16 1 0
github.com/hackastak/repog/internal/provider/gemini/embedding.go:166.2,166.28 1 0
github.com/hackastak/repog/internal/provider/gemini/embedding.go:166.28,169.32 3 0
github.com/hackastak/repog/internal/provider/gemini/embedding.go:169.32,175.4 1 0
github.com/hackastak/repog/internal/provider/gemini/embedding.go:176.3,176.16 1 0
github.com/hackastak/repog/internal/provider/gemini/embedding.go:179.2,180.61 2 0
github.com/hackastak/repog/internal/provider/gemini/embedding.go:180.61,182.32 2 0
github.com/hackastak/repog/internal/provider/gemini/embedding.go:182.32,188.4 1 0
github.com/hackastak/repog/internal/provider/gemini/embedding.go:189.3,189.16 1 0
github.com/hackastak/repog/internal/provider/gemini/embedding.go:193.2,193.31 1 0
github.com/hackastak/repog/internal/provider/gemini/embedding.go:193.31,194.37 1 0
github.com/hackastak/repog/internal/provider/gemini/embedding.go:194.37,201.12 3 0
github.com/hackastak/repog/internal/provider/gemini/embedding.go:204.3,205.37 2 0
github.com/hackastak/repog/internal/provider/gemini/embedding.go:205.37,212.12 3 0
github.com/hackastak/repog/internal/provider/gemini/embedding.go:215.3,219.5 1 0
github.com/hackastak/repog/internal/provider/gemini/embedding.go:222.2,222.15 1 0
github.com/hackastak/repog/internal/provider/gemini/embedding.go:226.91,237.16 3 0
github.com/hackastak/repog/internal/provider/gemini/embedding.go:237.16,239.3 1 0
github.com/hackastak/repog/internal/provider/gemini/embedding.go:241.2,243.16 3 0
github.com/hackastak/repog/internal/provider/gemini/embedding.go:243.16,245.3 1 0
github.com/hackastak/repog/internal/provider/gemini/embedding.go:246.2,250.16 4 0
github.com/hackastak/repog/internal/provider/gemini/embedding.go:250.16,252.3 1 0
github.com/hackastak/repog/internal/provider/gemini/embedding.go:253.2,253.15 1 0
github.com/hackastak/repog/internal/provider/gemini/embedding.go:253.15,253.40 1 0
github.com/hackastak/repog/internal/provider/gemini/embedding.go:255.2,255.28 1 0
github.com/hackastak/repog/internal/provider/gemini/embedding.go:255.28,257.3 1 0
github.com/hackastak/repog/internal/provider/gemini/embedding.go:259.2,260.16 2 0
github.com/hackastak/repog/internal/provider/gemini/embedding.go:260.16,262.3 1 0
github.com/hackastak/repog/internal/provider/gemini/embedding.go:264.2,265.61 2 0
github.com/hackastak/repog/internal/provider/gemini/embedding.go:265.61,267.3 1 0
github.com/hackastak/repog/internal/provider/gemini/embedding.go:269.2,269.53 1 0
github.com/hackastak/repog/internal/provider/gemini/embedding.go:269.53,271.3 1 0
github.com/hackastak/repog/internal/provider/gemini/embedding.go:273.2,273.35 1 0
github.com/hackastak/repog/internal/provider/gemini/llm.go:26.92,27.18 1 0
github.com/hackastak/repog/internal/provider/gemini/llm.go:27.18,29.3 1 0
github.com/hackastak/repog/internal/provider/gemini/llm.go:30.2,30.17 1 0
github.com/hackastak/repog/internal/provider/gemini/llm.go:30.17,32.3 1 0
github.com/hackastak/repog/internal/provider/gemini/llm.go:33.2,33.25 1 0
github.com/hackastak/repog/internal/provider/gemini/llm.go:33.25,35.3 1 0
github.com/hackastak/repog/internal/provider/gemini/llm.go:37.2,42.8 1 0
github.com/hackastak/repog/internal/provider/gemini/llm.go:46.43,48.2 1 0
github.com/hackastak/repog/internal/provider/gemini/llm.go:51.65,59.16 3 0
github.com/hackastak/repog/internal/provider/gemini/llm.go:59.16,61.3 1 0
github.com/hackastak/repog/internal/provider/gemini/llm.go:62.2,62.12 1 0
github.com/hackastak/repog/internal/provider/gemini/llm.go:66.122,68.24 1 0
github.com/hackastak/repog/internal/provider/gemini/llm.go:68.24,70.3 1 0
github.com/hackastak/repog/internal/provider/gemini/llm.go:71.2,71.26 1 0
github.com/hackastak/repog/internal/provider/gemini/llm.go:71.26,73.3 1 0
github.com/hackastak/repog/internal/provider/gemini/llm.go:76.2,89.28 2 0
github.com/hackastak/repog/internal/provider/gemini/llm.go:89.28,93.3 1 0
github.com/hackastak/repog/internal/provider/gemini/llm.go:95.2,96.16 2 0
github.com/hackastak/repog/internal/provider/gemini/llm.go:96.16,101.3 1 0
github.com/hackastak/repog/internal/provider/gemini/llm.go:104.2,108.31 4 0
github.com/hackastak/repog/internal/provider/gemini/llm.go:108.31,111.17 3 0
github.com/hackastak/repog/internal/provider/gemini/llm.go:111.17,116.4 1 0
github.com/hackastak/repog/internal/provider/gemini/llm.go:117.3,120.17 3 0
github.com/hackastak/repog/internal/provider/gemini/llm.go:120.17,125.4 1 0
github.com/hackastak/repog/internal/provider/gemini/llm.go:127.3,129.17 3 0
github.com/hackastak/repog/internal/provider/gemini/llm.go:129.17,134.4 1 0
github.com/hackastak/repog/internal/provider/gemini/llm.go:137.3,137.29 1 0
github.com/hackastak/repog/internal/provider/gemini/llm.go:137.29,142.12 2 0
github.com/hackastak/repog/internal/provider/gemini/llm.go:145.3,145.29 1 0
github.com/hackastak/repog/internal/provider/gemini/llm.go:145.29,150.4 1 0
github.com/hackastak/repog/internal/provider/gemini/llm.go:152.3,153.60 2 0
github.com/hackastak/repog/internal/provider/gemini/llm.go:153.60,158.4 1 0
github.com/hackastak/repog/internal/provider/gemini/llm.go:161.3,162.82 2 0
github.com/hackastak/repog/internal/provider/gemini/llm.go:162.82,164.4 1 0
github.com/hackastak/repog/internal/provider/gemini/llm.go:166.3,170.9 1 0
github.com/hackastak/repog/internal/provider/gemini/llm.go:174.2,174.23 1 0
github.com/hackastak/repog/internal/provider/gemini/llm.go:178.146,180.24 1 0
github.com/hackastak/repog/internal/provider/gemini/llm.go:180.24,182.3 1 0
github.com/hackastak/repog/internal/provider/gemini/llm.go:183.2,183.26 1 0
github.com/hackastak/repog/internal/provider/gemini/llm.go:183.26,185.3 1 0
github.com/hackastak/repog/internal/provider/gemini/llm.go:188.2,201.28 2 0
github.com/hackastak/repog/internal/provider/gemini/llm.go:201.28,205.3 1 0
github.com/hackastak/repog/internal/provider/gemini/llm.go:207.2,208.16 2 0
github.com/hackastak/repog/internal/provider/gemini/llm.go:208.16,213.3 1 0
github.com/hackastak/repog/internal/provider/gemini/llm.go:216.2,220.31 4 0
github.com/hackastak/repog/internal/provider/gemini/llm.go:220.31,223.17 3 0
github.com/hackastak/repog/internal/provider/gemini/llm.go:223.17,228.4 1 0
github.com/hackastak/repog/internal/provider/gemini/llm.go:229.3,232.17 3 0
github.com/hackastak/repog/internal/provider/gemini/llm.go:232.17,237.4 1 0
github.com/hackastak/repog/internal/provider/gemini/llm.go:240.3,240.29 1 0
github.com/hackastak/repog/internal/provider/gemini/llm.go:240.29,247.12 4 0
github.com/hackastak/repog/internal/provider/gemini/llm.go:250.3,250.29 1 0
github.com/hackastak/repog/internal/provider/gemini/llm.go:250.29,257.4 3 0
github.com/hackastak/repog/internal/provider/gemini/llm.go:260.3,264.22 4 0
github.com/hackastak/repog/internal/provider/gemini/llm.go:264.22,266.41 2 0
github.com/hackastak/repog/internal/provider/gemini/llm.go:266.41,268.23 2 0
github.com/hackastak/repog/internal/provider/gemini/llm.go:268.23,269.14 1 0
github.com/hackastak/repog/internal/provider/gemini/llm.go:272.5,273.68 2 0
github.com/hackastak/repog/internal/provider/gemini/llm.go:273.68,274.14 1 0
github.com/hackastak/repog/internal/provider/gemini/llm.go:278.5,278.80 1 0
github.com/hackastak/repog/internal/provider/gemini/llm.go:278.80,280.20 2 0
github.com/hackastak/repog/internal/provider/gemini/llm.go:280.20,282.25 2 0
github.com/hackastak/repog/internal/provider/gemini/llm.go:282.25,284.8 1 0
github.com/hackastak/repog/internal/provider/gemini/llm.go:289.5,289.49 1 0
github.com/hackastak/repog/internal/provider/gemini/llm.go:289.49,291.6 1 0
github.com/hackastak/repog/internal/provider/gemini/llm.go:292.5,292.53 1 0
github.com/hackastak/repog/internal/provider/gemini/llm.go:292.53,294.6 1 0
github.com/hackastak/repog/internal/provider/gemini/llm.go:298.3,300.39 2 0
github.com/hackastak/repog/internal/provider/gemini/llm.go:300.39,305.4 1 0
github.com/hackastak/repog/internal/provider/gemini/llm.go:307.3,311.9 1 0
github.com/hackastak/repog/internal/provider/gemini/llm.go:315.2,315.23 1 0
github.com/hackastak/repog/commands/ask.go:33.13,36.2 2 0
github.com/hackastak/repog/commands/ask.go:38.54,47.54 6 0
github.com/hackastak/repog/commands/ask.go:47.54,50.3 2 0
[...]
github.com/hackastak/repog/commands/reconfig.go:506.19,508.28 2 0
github.com/hackastak/repog/commands/reconfig.go:509.18,510.84 1 0
github.com/hackastak/repog/commands/reconfig.go:511.18,512.87 1 0
github.com/hackastak/repog/commands/reconfig.go:513.22,514.81 1 0
github.com/hackastak/repog/commands/reconfig.go:515.20,516.78 1 0
github.com/hackastak/repog/commands/reconfig.go:517.21,518.83 1 0
github.com/hackastak/repog/commands/reconfig.go:520.4,525.96 3 0
github.com/hackastak/repog/commands/reconfig.go:525.96,528.5 2 0
github.com/hackastak/repog/commands/reconfig.go:533.2,547.16 7 0
github.com/hackastak/repog/commands/reconfig.go:547.16,551.3 3 0
github.com/hackastak/repog/commands/reconfig.go:553.2,553.67 1 0
github.com/hackastak/repog/commands/reconfig.go:553.67,557.3 3 0
github.com/hackastak/repog/commands/reconfig.go:559.2,562.20 3 0
github.com/hackastak/repog/commands/reconfig.go:566.65,568.82 1 0
github.com/hackastak/repog/commands/reconfig.go:568.82,570.3 1 0
github.com/hackastak/repog/commands/reconfig.go:573.2,574.52 2 0
github.com/hackastak/repog/commands/reconfig.go:574.52,576.3 1 0
github.com/hackastak/repog/commands/reconfig.go:579.2,579.102 1 0
github.com/hackastak/repog/commands/reconfig.go:579.102,581.3 1 0
github.com/hackastak/repog/commands/reconfig.go:584.2,584.75 1 0
github.com/hackastak/repog/commands/reconfig.go:584.75,586.3 1 0
github.com/hackastak/repog/commands/reconfig.go:588.2,588.12 1 0
github.com/hackastak/repog/commands/root.go:20.22,22.2 1 0
github.com/hackastak/repog/commands/root.go:24.13,34.2 9 0
github.com/hackastak/repog/commands/search.go:37.13,43.2 5 0
github.com/hackastak/repog/commands/search.go:45.57,58.16 10 0
github.com/hackastak/repog/commands/search.go:58.16,61.3 2 0
github.com/hackastak/repog/commands/search.go:64.2,65.16 2 0
github.com/hackastak/repog/commands/search.go:65.16,68.3 2 0
github.com/hackastak/repog/commands/search.go:70.2,71.16 2 0
github.com/hackastak/repog/commands/search.go:71.16,74.3 2 0
github.com/hackastak/repog/commands/search.go:77.2,78.16 2 0
github.com/hackastak/repog/commands/search.go:78.16,81.3 2 0
github.com/hackastak/repog/commands/search.go:82.2,82.15 1 0
github.com/hackastak/repog/commands/search.go:82.15,82.39 1 0
github.com/hackastak/repog/commands/search.go:85.2,86.96 2 0
github.com/hackastak/repog/commands/search.go:86.96,89.3 2 0
github.com/hackastak/repog/commands/search.go:90.2,90.16 1 0
github.com/hackastak/repog/commands/search.go:90.16,93.3 2 0
github.com/hackastak/repog/commands/search.go:96.2,99.26 2 0
github.com/hackastak/repog/commands/search.go:99.26,101.3 1 0
github.com/hackastak/repog/commands/search.go:102.2,102.19 1 0
github.com/hackastak/repog/commands/search.go:102.19,104.3 1 0
github.com/hackastak/repog/commands/search.go:105.2,105.17 1 0
github.com/hackastak/repog/commands/search.go:105.17,107.3 1 0
github.com/hackastak/repog/commands/search.go:108.2,108.23 1 0
github.com/hackastak/repog/commands/search.go:108.23,110.3 1 0
github.com/hackastak/repog/commands/search.go:113.2,120.16 6 0
github.com/hackastak/repog/commands/search.go:120.16,123.3 2 0
github.com/hackastak/repog/commands/search.go:125.2,125.30 1 0
github.com/hackastak/repog/commands/search.go:125.30,128.3 2 0
github.com/hackastak/repog/commands/search.go:131.2,133.30 3 0
github.com/hackastak/repog/commands/search.go:133.30,135.3 1 0
github.com/hackastak/repog/commands/search.go:136.2,138.35 2 0
github.com/hackastak/repog/commands/search.go:138.35,146.23 5 0
github.com/hackastak/repog/commands/search.go:146.23,148.4 1 0
github.com/hackastak/repog/commands/search.go:150.3,151.16 2 0
github.com/hackastak/repog/commands/search.go:151.16,153.4 1 0
github.com/hackastak/repog/commands/search.go:154.3,154.18 1 0
github.com/hackastak/repog/commands/search.go:154.18,156.4 1 0
github.com/hackastak/repog/commands/search.go:157.3,158.22 2 0
github.com/hackastak/repog/commands/search.go:158.22,160.37 2 0
github.com/hackastak/repog/commands/search.go:160.37,162.5 1 0
github.com/hackastak/repog/commands/search.go:163.4,163.19 1 0
github.com/hackastak/repog/commands/search.go:166.3,169.26 2 0
github.com/hackastak/repog/commands/search.go:169.26,171.4 1 0
github.com/hackastak/repog/commands/search.go:174.3,179.41 4 0
github.com/hackastak/repog/commands/search.go:183.2,187.12 3 0
github.com/hackastak/repog/commands/status.go:31.13,33.2 1 0
github.com/hackastak/repog/commands/status.go:62.57,71.16 7 0
github.com/hackastak/repog/commands/status.go:71.16,74.3 2 0
github.com/hackastak/repog/commands/status.go:77.2,78.16 2 0
github.com/hackastak/repog/commands/status.go:78.16,81.3 2 0
github.com/hackastak/repog/commands/status.go:82.2,82.15 1 0
github.com/hackastak/repog/commands/status.go:82.15,82.39 1 0
github.com/hackastak/repog/commands/status.go:85.2,86.17 2 0
github.com/hackastak/repog/commands/status.go:86.17,90.3 3 0
github.com/hackastak/repog/commands/status.go:93.2,101.12 6 0
github.com/hackastak/repog/commands/status.go:101.12,123.3 11 0
github.com/hackastak/repog/commands/status.go:126.2,127.12 2 0
github.com/hackastak/repog/commands/status.go:127.12,140.24 4 0
github.com/hackastak/repog/commands/status.go:140.24,142.24 2 0
github.com/hackastak/repog/commands/status.go:142.24,145.5 2 0
github.com/hackastak/repog/commands/status.go:148.3,149.23 2 0
github.com/hackastak/repog/commands/status.go:149.23,151.4 1 0
github.com/hackastak/repog/commands/status.go:152.3,152.19 1 0
github.com/hackastak/repog/commands/status.go:152.19,154.4 1 0
github.com/hackastak/repog/commands/status.go:155.3,155.14 1 0
github.com/hackastak/repog/commands/status.go:159.2,160.12 2 0
github.com/hackastak/repog/commands/status.go:160.12,168.3 6 0
github.com/hackastak/repog/commands/status.go:171.2,172.12 2 0
github.com/hackastak/repog/commands/status.go:172.12,180.3 6 0
github.com/hackastak/repog/commands/status.go:183.2,184.12 2 0
github.com/hackastak/repog/commands/status.go:184.12,190.25 5 0
github.com/hackastak/repog/commands/status.go:190.25,192.4 1 0
github.com/hackastak/repog/commands/status.go:193.3,193.14 1 0
github.com/hackastak/repog/commands/status.go:197.2,198.12 2 0
github.com/hackastak/repog/commands/status.go:198.12,201.17 3 0
github.com/hackastak/repog/commands/status.go:201.17,203.4 1 0
github.com/hackastak/repog/commands/status.go:205.3,210.14 5 0
github.com/hackastak/repog/commands/status.go:214.2,215.12 2 0
github.com/hackastak/repog/commands/status.go:215.12,221.17 5 0
github.com/hackastak/repog/commands/status.go:221.17,224.4 2 0
github.com/hackastak/repog/commands/status.go:225.3,225.14 1 0
github.com/hackastak/repog/commands/status.go:228.2,230.14 2 0
github.com/hackastak/repog/commands/status.go:230.14,232.3 1 0
github.com/hackastak/repog/commands/status.go:235.2,235.16 1 0
github.com/hackastak/repog/commands/status.go:235.16,239.3 3 0
github.com/hackastak/repog/commands/status.go:242.2,243.40 2 0
github.com/hackastak/repog/commands/status.go:243.40,245.3 1 0
github.com/hackastak/repog/commands/status.go:247.2,269.39 17 0
github.com/hackastak/repog/commands/status.go:269.39,271.3 1 0
github.com/hackastak/repog/commands/status.go:273.2,274.20 2 0
github.com/hackastak/repog/commands/status.go:275.19,276.34 1 0
github.com/hackastak/repog/commands/status.go:277.16,278.32 1 0
github.com/hackastak/repog/commands/status.go:279.21,280.35 1 0
github.com/hackastak/repog/commands/status.go:282.2,284.37 2 0
github.com/hackastak/repog/commands/status.go:284.37,286.3 1 0
github.com/hackastak/repog/commands/status.go:287.2,291.40 3 0
github.com/hackastak/repog/commands/status.go:291.40,293.3 1 0
github.com/hackastak/repog/commands/status.go:293.8,295.3 1 0
github.com/hackastak/repog/commands/status.go:296.2,300.29 3 0
github.com/hackastak/repog/commands/status.go:300.29,304.3 3 0
github.com/hackastak/repog/commands/status.go:304.8,306.3 1 0
github.com/hackastak/repog/commands/status.go:307.2,313.79 4 0
github.com/hackastak/repog/commands/status.go:313.79,314.38 1 0
github.com/hackastak/repog/commands/status.go:314.38,316.4 1 0
github.com/hackastak/repog/commands/status.go:318.2,326.12 7 0
github.com/hackastak/repog/commands/summarize.go:27.60,37.34 7 0
github.com/hackastak/repog/commands/summarize.go:37.34,40.3 2 0
github.com/hackastak/repog/commands/summarize.go:43.2,44.16 2 0
github.com/hackastak/repog/commands/summarize.go:44.16,47.3 2 0
github.com/hackastak/repog/commands/summarize.go:50.2,51.16 2 0
github.com/hackastak/repog/commands/summarize.go:51.16,54.3 2 0
github.com/hackastak/repog/commands/summarize.go:56.2,57.16 2 0
github.com/hackastak/repog/commands/summarize.go:57.16,60.3 2 0
github.com/hackastak/repog/commands/summarize.go:63.2,64.16 2 0
github.com/hackastak/repog/commands/summarize.go:64.16,67.3 2 0
github.com/hackastak/repog/commands/summarize.go:68.2,68.15 1 0
github.com/hackastak/repog/commands/summarize.go:68.15,68.39 1 0
github.com/hackastak/repog/commands/summarize.go:71.2,72.129 2 0
github.com/hackastak/repog/commands/summarize.go:72.129,75.3 2 0
github.com/hackastak/repog/commands/summarize.go:76.2,76.20 1 0
github.com/hackastak/repog/commands/summarize.go:76.20,80.3 3 0
github.com/hackastak/repog/commands/summarize.go:83.2,88.41 2 0
github.com/hackastak/repog/commands/summarize.go:88.41,91.3 2 0
github.com/hackastak/repog/commands/summarize.go:92.2,92.21 1 0
github.com/hackastak/repog/commands/summarize.go:92.21,96.3 3 0
github.com/hackastak/repog/commands/summarize.go:99.2,108.24 4 0
github.com/hackastak/repog/commands/summarize.go:108.24,110.3 1 0
github.com/hackastak/repog/commands/summarize.go:112.2,112.16 1 0
github.com/hackastak/repog/commands/summarize.go:112.16,116.3 3 0
github.com/hackastak/repog/commands/summarize.go:118.2,125.12 4 0
github.com/hackastak/repog/commands/sync.go:32.13,37.2 4 0
github.com/hackastak/repog/commands/sync.go:39.55,45.32 4 0
github.com/hackastak/repog/commands/sync.go:45.32,48.3 2 0
github.com/hackastak/repog/commands/sync.go:51.2,52.16 2 0
github.com/hackastak/repog/commands/sync.go:52.16,55.3 2 0
github.com/hackastak/repog/commands/sync.go:57.2,58.16 2 0
github.com/hackastak/repog/commands/sync.go:58.16,61.3 2 0
github.com/hackastak/repog/commands/sync.go:64.2,65.16 2 0
github.com/hackastak/repog/commands/sync.go:65.16,68.3 2 0
github.com/hackastak/repog/commands/sync.go:69.2,69.15 1 0
github.com/hackastak/repog/commands/sync.go:69.15,69.39 1 0
github.com/hackastak/repog/commands/sync.go:72.2,73.18 2 0
github.com/hackastak/repog/commands/sync.go:73.18,77.3 3 0
github.com/hackastak/repog/commands/sync.go:79.2,89.29 3 0
github.com/hackastak/repog/commands/sync.go:89.29,90.21 1 0
github.com/hackastak/repog/commands/sync.go:91.15,93.19 2 0
github.com/hackastak/repog/commands/sync.go:93.19,95.34 2 0
github.com/hackastak/repog/commands/sync.go:95.34,97.6 1 0
github.com/hackastak/repog/commands/sync.go:98.5,98.54 1 0
github.com/hackastak/repog/commands/sync.go:99.10,99.23 1 0
github.com/hackastak/repog/commands/sync.go:99.23,101.5 1 0
github.com/hackastak/repog/commands/sync.go:103.15,105.19 2 0
github.com/hackastak/repog/commands/sync.go:105.19,107.5 1 0
github.com/hackastak/repog/commands/sync.go:107.10,107.23 1 0
github.com/hackastak/repog/commands/sync.go:107.23,109.5 1 0
github.com/hackastak/repog/commands/sync.go:111.16,113.19 2 0
github.com/hackastak/repog/commands/sync.go:113.19,115.5 1 0
github.com/hackastak/repog/commands/sync.go:117.15,118.16 1 0
github.com/hackastak/repog/commands/sync.go:118.16,120.5 1 0
github.com/hackastak/repog/commands/sync.go:122.4,122.24 1 0
github.com/hackastak/repog/commands/sync.go:122.24,125.5 1 0
github.com/hackastak/repog/commands/sync.go:125.10,128.5 1 0
github.com/hackastak/repog/commands/sync.go:132.2,132.20 1 0
github.com/hackastak/repog/commands/sync.go:132.20,134.3 1 0
github.com/hackastak/repog/commands/sync.go:136.2,136.12 1 0
github.com/hackastak/repog/internal/github/auth.go:28.75,30.16 2 1
github.com/hackastak/repog/internal/github/auth.go:30.16,35.3 1 1
github.com/hackastak/repog/internal/github/auth.go:36.2,36.15 1 1
github.com/hackastak/repog/internal/github/auth.go:36.15,36.40 1 1
github.com/hackastak/repog/internal/github/auth.go:38.2,38.28 1 1
github.com/hackastak/repog/internal/github/auth.go:38.28,44.3 2 1
github.com/hackastak/repog/internal/github/auth.go:47.2,48.16 2 1
github.com/hackastak/repog/internal/github/auth.go:48.16,53.3 1 0
github.com/hackastak/repog/internal/github/auth.go:55.2,56.52 2 1
github.com/hackastak/repog/internal/github/auth.go:56.52,61.3 1 0
github.com/hackastak/repog/internal/github/auth.go:64.2,66.23 3 1
github.com/hackastak/repog/internal/github/auth.go:66.23,67.53 1 1
github.com/hackastak/repog/internal/github/auth.go:67.53,69.4 1 1
github.com/hackastak/repog/internal/github/auth.go:72.2,76.3 1 1
github.com/hackastak/repog/internal/github/auth.go:100.75,102.16 2 1
github.com/hackastak/repog/internal/github/auth.go:102.16,104.3 1 0
github.com/hackastak/repog/internal/github/auth.go:105.2,105.15 1 1
github.com/hackastak/repog/internal/github/auth.go:105.15,105.40 1 1
github.com/hackastak/repog/internal/github/auth.go:107.2,107.28 1 1
github.com/hackastak/repog/internal/github/auth.go:107.28,109.3 1 1
github.com/hackastak/repog/internal/github/auth.go:111.2,112.16 2 1
github.com/hackastak/repog/internal/github/auth.go:112.16,114.3 1 0
github.com/hackastak/repog/internal/github/auth.go:116.2,117.57 2 1
github.com/hackastak/repog/internal/github/auth.go:117.57,119.3 1 0
github.com/hackastak/repog/internal/github/auth.go:121.2,127.3 2 1
github.com/hackastak/repog/internal/github/client.go:22.36,24.2 1 1
github.com/hackastak/repog/internal/github/client.go:27.28,29.2 1 1
github.com/hackastak/repog/internal/github/client.go:39.36,45.2 1 1
github.com/hackastak/repog/internal/github/client.go:53.41,55.2 1 1
github.com/hackastak/repog/internal/github/client.go:61.64,69.16 6 1
github.com/hackastak/repog/internal/github/client.go:69.16,71.3 1 1
github.com/hackastak/repog/internal/github/client.go:74.2,74.54 1 1
github.com/hackastak/repog/internal/github/client.go:74.54,76.23 2 1
github.com/hackastak/repog/internal/github/client.go:76.23,78.22 2 1
github.com/hackastak/repog/internal/github/client.go:78.22,84.25 4 1
github.com/hackastak/repog/internal/github/client.go:84.25,93.20 5 1
github.com/hackastak/repog/internal/github/client.go:93.20,95.7 1 0
github.com/hackastak/repog/internal/github/client.go:98.6,98.58 1 1
github.com/hackastak/repog/internal/github/client.go:98.58,102.7 3 1
github.com/hackastak/repog/internal/github/client.go:108.2,108.18 1 1
github.com/hackastak/repog/internal/github/client.go:112.80,115.16 3 1
github.com/hackastak/repog/internal/github/client.go:115.16,117.3 1 0
github.com/hackastak/repog/internal/github/client.go:118.2,118.18 1 1
github.com/hackastak/repog/internal/github/repos.go:65.87,69.12 3 1
github.com/hackastak/repog/internal/github/repos.go:69.12,74.7 4 1
github.com/hackastak/repog/internal/github/repos.go:74.7,77.18 3 1
github.com/hackastak/repog/internal/github/repos.go:77.18,80.5 2 0
github.com/hackastak/repog/internal/github/repos.go:82.4,84.18 3 1
github.com/hackastak/repog/internal/github/repos.go:84.18,87.5 2 0
github.com/hackastak/repog/internal/github/repos.go:89.4,89.30 1 1
github.com/hackastak/repog/internal/github/repos.go:89.30,92.5 2 1
github.com/hackastak/repog/internal/github/repos.go:94.4,95.55 2 1
github.com/hackastak/repog/internal/github/repos.go:95.55,98.5 2 0
github.com/hackastak/repog/internal/github/repos.go:100.4,100.23 1 1
github.com/hackastak/repog/internal/github/repos.go:100.23,102.5 1 1
github.com/hackastak/repog/internal/github/repos.go:104.4,104.31 1 1
github.com/hackastak/repog/internal/github/repos.go:104.31,105.12 1 1
github.com/hackastak/repog/internal/github/repos.go:106.25,106.25 0 1
github.com/hackastak/repog/internal/github/repos.go:107.23,109.12 2 0
github.com/hackastak/repog/internal/github/repos.go:113.4,113.24 1 1
github.com/hackastak/repog/internal/github/repos.go:113.24,115.5 1 1
github.com/hackastak/repog/internal/github/repos.go:117.4,117.10 1 1
github.com/hackastak/repog/internal/github/repos.go:121.2,121.22 1 1
github.com/hackastak/repog/internal/github/repos.go:125.89,129.12 3 1
github.com/hackastak/repog/internal/github/repos.go:129.12,134.7 4 1
github.com/hackastak/repog/internal/github/repos.go:134.7,137.18 3 1
github.com/hackastak/repog/internal/github/repos.go:137.18,140.5 2 0
github.com/hackastak/repog/internal/github/repos.go:142.4,144.18 3 1
github.com/hackastak/repog/internal/github/repos.go:144.18,147.5 2 0
github.com/hackastak/repog/internal/github/repos.go:149.4,149.30 1 1
github.com/hackastak/repog/internal/github/repos.go:149.30,152.5 2 1
github.com/hackastak/repog/internal/github/repos.go:154.4,155.55 2 1
github.com/hackastak/repog/internal/github/repos.go:155.55,158.5 2 0
github.com/hackastak/repog/internal/github/repos.go:160.4,160.23 1 1
github.com/hackastak/repog/internal/github/repos.go:160.23,162.5 1 1
github.com/hackastak/repog/internal/github/repos.go:164.4,164.31 1 1
github.com/hackastak/repog/internal/github/repos.go:164.31,165.12 1 1
github.com/hackastak/repog/internal/github/repos.go:166.25,166.25 0 1
github.com/hackastak/repog/internal/github/repos.go:167.23,169.12 2 0
github.com/hackastak/repog/internal/github/repos.go:173.4,173.24 1 1
github.com/hackastak/repog/internal/github/repos.go:173.24,175.5 1 1
github.com/hackastak/repog/internal/github/repos.go:177.4,177.10 1 1
github.com/hackastak/repog/internal/github/repos.go:181.2,181.22 1 1
github.com/hackastak/repog/internal/github/repos.go:187.82,190.16 3 1
github.com/hackastak/repog/internal/github/repos.go:190.16,192.3 1 0
github.com/hackastak/repog/internal/github/repos.go:193.2,193.15 1 1
github.com/hackastak/repog/internal/github/repos.go:193.15,193.40 1 1
github.com/hackastak/repog/internal/github/repos.go:195.2,195.28 1 1
github.com/hackastak/repog/internal/github/repos.go:195.28,197.3 1 1
github.com/hackastak/repog/internal/github/repos.go:199.2,199.28 1 1
github.com/hackastak/repog/internal/github/repos.go:199.28,201.3 1 1
github.com/hackastak/repog/internal/github/repos.go:203.2,204.16 2 1
github.com/hackastak/repog/internal/github/repos.go:204.16,206.3 1 0
github.com/hackastak/repog/internal/github/repos.go:208.2,209.54 2 1
github.com/hackastak/repog/internal/github/repos.go:209.54,211.3 1 0
github.com/hackastak/repog/internal/github/repos.go:213.2,213.57 1 1
github.com/hackastak/repog/internal/github/repos.go:213.57,215.3 1 1
github.com/hackastak/repog/internal/github/repos.go:218.2,220.16 3 1
github.com/hackastak/repog/internal/github/repos.go:220.16,222.3 1 0
github.com/hackastak/repog/internal/github/repos.go:224.2,224.51 1 1
github.com/hackastak/repog/internal/github/repos.go:231.92,234.16 3 1
github.com/hackastak/repog/internal/github/repos.go:234.16,236.3 1 0
github.com/hackastak/repog/internal/github/repos.go:237.2,237.15 1 1
github.com/hackastak/repog/internal/github/repos.go:237.15,237.40 1 1
github.com/hackastak/repog/internal/github/repos.go:239.2,239.28 1 1
github.com/hackastak/repog/internal/github/repos.go:239.28,241.3 1 1
github.com/hackastak/repog/internal/github/repos.go:243.2,244.16 2 1
github.com/hackastak/repog/internal/github/repos.go:244.16,246.3 1 0
github.com/hackastak/repog/internal/github/repos.go:248.2,249.52 2 1
github.com/hackastak/repog/internal/github/repos.go:249.52,251.3 1 0
github.com/hackastak/repog/internal/github/repos.go:253.2,254.34 2 1
github.com/hackastak/repog/internal/github/repos.go:254.34,256.27 1 1
github.com/hackastak/repog/internal/github/repos.go:256.27,257.12 1 1
github.com/hackastak/repog/internal/github/repos.go:261.3,262.21 2 1
github.com/hackastak/repog/internal/github/repos.go:262.21,263.12 1 1
github.com/hackastak/repog/internal/github/repos.go:266.3,266.36 1 1
github.com/hackastak/repog/internal/github/repos.go:269.2,269.21 1 1
github.com/hackastak/repog/internal/github/repos.go:269.21,271.3 1 1
github.com/hackastak/repog/internal/github/repos.go:274.2,276.34 2 1
