mode: set
github.com/hackastak/repog/internal/gemini/auth.go:20.80,31.16 3 0
github.com/hackastak/repog/internal/gemini/auth.go:31.16,36.3 1 0
github.com/hackastak/repog/internal/gemini/auth.go:38.2,40.16 3 0
github.com/hackastak/repog/internal/gemini/auth.go:40.16,45.3 1 0
github.com/hackastak/repog/internal/gemini/auth.go:46.2,50.16 4 0
github.com/hackastak/repog/internal/gemini/auth.go:50.16,55.3 1 0
github.com/hackastak/repog/internal/gemini/auth.go:56.2,56.15 1 0
github.com/hackastak/repog/internal/gemini/auth.go:56.15,56.40 1 0
github.com/hackastak/repog/internal/gemini/auth.go:58.2,58.28 1 0
github.com/hackastak/repog/internal/gemini/auth.go:58.28,64.3 2 0
github.com/hackastak/repog/internal/gemini/auth.go:66.2,68.3 1 0
github.com/hackastak/repog/internal/gemini/embeddings.go:31.29,33.2 1 1
github.com/hackastak/repog/internal/gemini/embeddings.go:36.21,38.2 1 1
github.com/hackastak/repog/internal/gemini/embeddings.go:96.94,102.22 2 1
github.com/hackastak/repog/internal/gemini/embeddings.go:102.22,104.3 1 1
github.com/hackastak/repog/internal/gemini/embeddings.go:107.2,108.31 2 1
github.com/hackastak/repog/internal/gemini/embeddings.go:108.31,117.3 1 1
github.com/hackastak/repog/internal/gemini/embeddings.go:119.2,121.16 3 1
github.com/hackastak/repog/internal/gemini/embeddings.go:121.16,122.32 1 0
github.com/hackastak/repog/internal/gemini/embeddings.go:122.32,124.4 1 0
github.com/hackastak/repog/internal/gemini/embeddings.go:125.3,125.16 1 0
github.com/hackastak/repog/internal/gemini/embeddings.go:129.2,131.16 3 1
github.com/hackastak/repog/internal/gemini/embeddings.go:131.16,132.32 1 0
github.com/hackastak/repog/internal/gemini/embeddings.go:132.32,134.4 1 0
github.com/hackastak/repog/internal/gemini/embeddings.go:135.3,135.16 1 0
github.com/hackastak/repog/internal/gemini/embeddings.go:137.2,141.16 4 1
github.com/hackastak/repog/internal/gemini/embeddings.go:141.16,142.32 1 0
github.com/hackastak/repog/internal/gemini/embeddings.go:142.32,144.4 1 0
github.com/hackastak/repog/internal/gemini/embeddings.go:145.3,145.16 1 0
github.com/hackastak/repog/internal/gemini/embeddings.go:147.2,147.15 1 1
github.com/hackastak/repog/internal/gemini/embeddings.go:147.15,147.40 1 1
github.com/hackastak/repog/internal/gemini/embeddings.go:149.2,150.16 2 1
github.com/hackastak/repog/internal/gemini/embeddings.go:150.16,151.32 1 0
github.com/hackastak/repog/internal/gemini/embeddings.go:151.32,153.4 1 0
github.com/hackastak/repog/internal/gemini/embeddings.go:154.3,154.16 1 0
github.com/hackastak/repog/internal/gemini/embeddings.go:157.2,157.28 1 1
github.com/hackastak/repog/internal/gemini/embeddings.go:157.28,159.32 2 1
github.com/hackastak/repog/internal/gemini/embeddings.go:159.32,161.4 1 1
github.com/hackastak/repog/internal/gemini/embeddings.go:162.3,162.16 1 1
github.com/hackastak/repog/internal/gemini/embeddings.go:165.2,166.61 2 1
github.com/hackastak/repog/internal/gemini/embeddings.go:166.61,167.32 1 0
github.com/hackastak/repog/internal/gemini/embeddings.go:167.32,169.4 1 0
github.com/hackastak/repog/internal/gemini/embeddings.go:170.3,170.16 1 0
github.com/hackastak/repog/internal/gemini/embeddings.go:174.2,174.31 1 1
github.com/hackastak/repog/internal/gemini/embeddings.go:174.31,175.37 1 1
github.com/hackastak/repog/internal/gemini/embeddings.go:175.37,180.12 2 0
github.com/hackastak/repog/internal/gemini/embeddings.go:183.3,184.44 2 1
github.com/hackastak/repog/internal/gemini/embeddings.go:184.44,189.12 2 1
github.com/hackastak/repog/internal/gemini/embeddings.go:192.3,195.5 1 1
github.com/hackastak/repog/internal/gemini/embeddings.go:198.2,198.15 1 1
github.com/hackastak/repog/internal/gemini/embeddings.go:216.77,227.16 3 1
github.com/hackastak/repog/internal/gemini/embeddings.go:227.16,229.3 1 0
github.com/hackastak/repog/internal/gemini/embeddings.go:231.2,233.16 3 1
github.com/hackastak/repog/internal/gemini/embeddings.go:233.16,235.3 1 0
github.com/hackastak/repog/internal/gemini/embeddings.go:236.2,240.16 4 1
github.com/hackastak/repog/internal/gemini/embeddings.go:240.16,242.3 1 0
github.com/hackastak/repog/internal/gemini/embeddings.go:243.2,243.15 1 1
github.com/hackastak/repog/internal/gemini/embeddings.go:243.15,243.40 1 1
github.com/hackastak/repog/internal/gemini/embeddings.go:245.2,245.28 1 1
github.com/hackastak/repog/internal/gemini/embeddings.go:245.28,247.3 1 1
github.com/hackastak/repog/internal/gemini/embeddings.go:249.2,250.16 2 1
github.com/hackastak/repog/internal/gemini/embeddings.go:250.16,252.3 1 0
github.com/hackastak/repog/internal/gemini/embeddings.go:254.2,255.61 2 1
github.com/hackastak/repog/internal/gemini/embeddings.go:255.61,257.3 1 0
github.com/hackastak/repog/internal/gemini/embeddings.go:259.2,259.60 1 1
github.com/hackastak/repog/internal/gemini/embeddings.go:259.60,261.3 1 1
github.com/hackastak/repog/internal/gemini/embeddings.go:263.2,263.35 1 1
github.com/hackastak/repog/internal/gemini/embeddings.go:268.46,270.22 2 1
github.com/hackastak/repog/internal/gemini/embeddings.go:270.22,272.3 1 1
github.com/hackastak/repog/internal/gemini/embeddings.go:273.2,273.12 1 1
github.com/hackastak/repog/internal/gemini/embeddings.go:277.46,278.19 1 1
github.com/hackastak/repog/internal/gemini/embeddings.go:278.19,280.3 1 1
github.com/hackastak/repog/internal/gemini/embeddings.go:281.2,282.24 2 1
github.com/hackastak/repog/internal/gemini/embeddings.go:282.24,285.3 2 1
github.com/hackastak/repog/internal/gemini/embeddings.go:286.2,286.15 1 1
github.com/hackastak/repog/internal/gemini/llm.go:84.89,88.24 2 1
github.com/hackastak/repog/internal/gemini/llm.go:88.24,90.3 1 1
github.com/hackastak/repog/internal/gemini/llm.go:91.2,91.26 1 1
github.com/hackastak/repog/internal/gemini/llm.go:91.26,93.3 1 1
github.com/hackastak/repog/internal/gemini/llm.go:96.2,109.28 2 1
github.com/hackastak/repog/internal/gemini/llm.go:109.28,113.3 1 1
github.com/hackastak/repog/internal/gemini/llm.go:115.2,116.16 2 1
github.com/hackastak/repog/internal/gemini/llm.go:116.16,121.3 1 0
github.com/hackastak/repog/internal/gemini/llm.go:124.2,128.31 4 1
github.com/hackastak/repog/internal/gemini/llm.go:128.31,131.17 3 1
github.com/hackastak/repog/internal/gemini/llm.go:131.17,136.4 1 0
github.com/hackastak/repog/internal/gemini/llm.go:137.3,140.17 3 1
github.com/hackastak/repog/internal/gemini/llm.go:140.17,145.4 1 0
github.com/hackastak/repog/internal/gemini/llm.go:147.3,149.17 3 1
github.com/hackastak/repog/internal/gemini/llm.go:149.17,154.4 1 0
github.com/hackastak/repog/internal/gemini/llm.go:157.3,157.29 1 1
github.com/hackastak/repog/internal/gemini/llm.go:157.29,162.12 2 0
github.com/hackastak/repog/internal/gemini/llm.go:165.3,165.29 1 1
github.com/hackastak/repog/internal/gemini/llm.go:165.29,170.4 1 1
github.com/hackastak/repog/internal/gemini/llm.go:172.3,173.60 2 1
github.com/hackastak/repog/internal/gemini/llm.go:173.60,178.4 1 0
github.com/hackastak/repog/internal/gemini/llm.go:181.3,182.82 2 1
github.com/hackastak/repog/internal/gemini/llm.go:182.82,184.4 1 1
github.com/hackastak/repog/internal/gemini/llm.go:186.3,191.9 1 1
github.com/hackastak/repog/internal/gemini/llm.go:195.2,195.31 1 0
github.com/hackastak/repog/internal/gemini/llm.go:209.113,213.24 2 1
github.com/hackastak/repog/internal/gemini/llm.go:213.24,215.3 1 1
github.com/hackastak/repog/internal/gemini/llm.go:216.2,216.26 1 1
github.com/hackastak/repog/internal/gemini/llm.go:216.26,218.3 1 1
github.com/hackastak/repog/internal/gemini/llm.go:221.2,234.28 2 1
github.com/hackastak/repog/internal/gemini/llm.go:234.28,238.3 1 0
github.com/hackastak/repog/internal/gemini/llm.go:240.2,241.16 2 1
github.com/hackastak/repog/internal/gemini/llm.go:241.16,246.3 1 0
github.com/hackastak/repog/internal/gemini/llm.go:249.2,253.31 4 1
github.com/hackastak/repog/internal/gemini/llm.go:253.31,256.17 3 1
github.com/hackastak/repog/internal/gemini/llm.go:256.17,261.4 1 0
github.com/hackastak/repog/internal/gemini/llm.go:262.3,265.17 3 1
github.com/hackastak/repog/internal/gemini/llm.go:265.17,270.4 1 0
github.com/hackastak/repog/internal/gemini/llm.go:273.3,273.29 1 1
github.com/hackastak/repog/internal/gemini/llm.go:273.29,280.12 4 0
github.com/hackastak/repog/internal/gemini/llm.go:283.3,283.29 1 1
github.com/hackastak/repog/internal/gemini/llm.go:283.29,290.4 3 1
github.com/hackastak/repog/internal/gemini/llm.go:293.3,297.22 4 1
github.com/hackastak/repog/internal/gemini/llm.go:297.22,299.41 2 1
github.com/hackastak/repog/internal/gemini/llm.go:299.41,301.23 2 1
github.com/hackastak/repog/internal/gemini/llm.go:301.23,302.14 1 0
github.com/hackastak/repog/internal/gemini/llm.go:305.5,306.68 2 1
github.com/hackastak/repog/internal/gemini/llm.go:306.68,307.14 1 0
github.com/hackastak/repog/internal/gemini/llm.go:311.5,311.80 1 1
github.com/hackastak/repog/internal/gemini/llm.go:311.80,313.20 2 1
github.com/hackastak/repog/internal/gemini/llm.go:313.20,315.25 2 1
github.com/hackastak/repog/internal/gemini/llm.go:315.25,317.8 1 1
github.com/hackastak/repog/internal/gemini/llm.go:322.5,322.49 1 1
github.com/hackastak/repog/internal/gemini/llm.go:322.49,324.6 1 0
github.com/hackastak/repog/internal/gemini/llm.go:325.5,325.53 1 1
github.com/hackastak/repog/internal/gemini/llm.go:325.53,327.6 1 0
github.com/hackastak/repog/internal/gemini/llm.go:331.3,333.39 2 1
github.com/hackastak/repog/internal/gemini/llm.go:333.39,338.4 1 0
github.com/hackastak/repog/internal/gemini/llm.go:340.3,345.9 1 1
github.com/hackastak/repog/internal/gemini/llm.go:349.2,349.31 1 0
github.com/hackastak/repog/internal/github/auth.go:28.75,30.16 2 1
github.com/hackastak/repog/internal/github/auth.go:30.16,35.3 1 1
github.com/hackastak/repog/internal/github/auth.go:36.2,36.15 1 1
github.com/hackastak/repog/internal/github/auth.go:36.15,36.40 1 1
github.com/hackastak/repog/internal/github/auth.go:38.2,38.28 1 1
github.com/hackastak/repog/internal/github/auth.go:38.28,44.3 2 1
github.com/hackastak/repog/internal/github/auth.go:47.2,48.16 2 1
github.com/hackastak/repog/internal/github/auth.go:48.16,53.3 1 0
github.com/hackastak/repog/internal/github/auth.go:55.2,56.52 2 1
github.com/hackastak/repog/internal/github/auth.go:56.52,61.3 1 0
github.com/hackastak/repog/internal/github/auth.go:64.2,66.23 3 1
github.com/hackastak/repog/internal/github/auth.go:66.23,67.53 1 1
github.com/hackastak/repog/internal/github/auth.go:67.53,69.4 1 1
github.com/hackastak/repog/internal/github/auth.go:72.2,76.3 1 1
github.com/hackastak/repog/internal/github/auth.go:100.75,102.16 2 1
github.com/hackastak/repog/internal/github/auth.go:102.16,104.3 1 0
github.com/hackastak/repog/internal/github/auth.go:105.2,105.15 1 1
github.com/hackastak/repog/internal/github/auth.go:105.15,105.40 1 1
github.com/hackastak/repog/internal/github/auth.go:107.2,107.28 1 1
github.com/hackastak/repog/internal/github/auth.go:107.28,109.3 1 1
github.com/hackastak/repog/internal/github/auth.go:111.2,112.16 2 1
github.com/hackastak/repog/internal/github/auth.go:112.16,114.3 1 0
github.com/hackastak/repog/internal/github/auth.go:116.2,117.57 2 1
github.com/hackastak/repog/internal/github/auth.go:117.57,119.3 1 0
github.com/hackastak/repog/internal/github/auth.go:121.2,127.3 2 1
github.com/hackastak/repog/internal/github/client.go:22.36,24.2 1 1
github.com/hackastak/repog/internal/github/client.go:27.28,29.2 1 1
github.com/hackastak/repog/internal/github/client.go:39.36,45.2 1 1
github.com/hackastak/repog/internal/github/client.go:53.41,55.2 1 1
github.com/hackastak/repog/internal/github/client.go:61.64,69.16 6 1
github.com/hackastak/repog/internal/github/client.go:69.16,71.3 1 1
github.com/hackastak/repog/internal/github/client.go:74.2,74.54 1 1
github.com/hackastak/repog/internal/github/client.go:74.54,76.23 2 1
github.com/hackastak/repog/internal/github/client.go:76.23,78.22 2 1
github.com/hackastak/repog/internal/github/client.go:78.22,84.25 4 1
github.com/hackastak/repog/internal/github/client.go:84.25,93.20 5 1
github.com/hackastak/repog/internal/github/client.go:93.20,95.7 1 0
github.com/hackastak/repog/internal/github/client.go:98.6,98.58 1 1
github.com/hackastak/repog/internal/github/client.go:98.58,102.7 3 1
github.com/hackastak/repog/internal/github/client.go:108.2,108.18 1 1
github.com/hackastak/repog/internal/github/client.go:112.80,115.16 3 1
github.com/hackastak/repog/internal/github/client.go:115.16,117.3 1 0
github.com/hackastak/repog/internal/github/client.go:118.2,118.18 1 1
github.com/hackastak/repog/internal/github/repos.go:65.87,69.12 3 1
github.com/hackastak/repog/internal/github/repos.go:69.12,74.7 4 1
github.com/hackastak/repog/internal/github/repos.go:74.7,77.18 3 1
github.com/hackastak/repog/internal/github/repos.go:77.18,80.5 2 0
github.com/hackastak/repog/internal/github/repos.go:82.4,84.18 3 1
github.com/hackastak/repog/internal/github/repos.go:84.18,87.5 2 0
github.com/hackastak/repog/internal/github/repos.go:89.4,89.30 1 1
github.com/hackastak/repog/internal/github/repos.go:89.30,92.5 2 1
github.com/hackastak/repog/internal/github/repos.go:94.4,95.55 2 1
github.com/hackastak/repog/internal/github/repos.go:95.55,98.5 2 0
github.com/hackastak/repog/internal/github/repos.go:100.4,100.23 1 1
github.com/hackastak/repog/internal/github/repos.go:100.23,102.5 1 1
github.com/hackastak/repog/internal/github/repos.go:104.4,104.31 1 1
github.com/hackastak/repog/internal/github/repos.go:104.31,105.12 1 1
github.com/hackastak/repog/internal/github/repos.go:106.25,106.25 0 1
github.com/hackastak/repog/internal/github/repos.go:107.23,109.12 2 0
github.com/hackastak/repog/internal/github/repos.go:113.4,113.24 1 1
github.com/hackastak/repog/internal/github/repos.go:113.24,115.5 1 1
github.com/hackastak/repog/internal/github/repos.go:117.4,117.10 1 1
github.com/hackastak/repog/internal/github/repos.go:121.2,121.22 1 1
github.com/hackastak/repog/internal/github/repos.go:125.89,129.12 3 1
github.com/hackastak/repog/internal/github/repos.go:129.12,134.7 4 1
github.com/hackastak/repog/internal/github/repos.go:134.7,137.18 3 1
github.com/hackastak/repog/internal/github/repos.go:137.18,140.5 2 0
github.com/hackastak/repog/internal/github/repos.go:142.4,144.18 3 1
github.com/hackastak/repog/internal/github/repos.go:144.18,147.5 2 0
github.com/hackastak/repog/internal/github/repos.go:149.4,149.30 1 1
github.com/hackastak/repog/internal/github/repos.go:149.30,152.5 2 1
github.com/hackastak/repog/internal/github/repos.go:154.4,155.55 2 1
github.com/hackastak/repog/internal/github/repos.go:155.55,158.5 2 0
github.com/hackastak/repog/internal/github/repos.go:160.4,160.23 1 1
github.com/hackastak/repog/internal/github/repos.go:160.23,162.5 1 1
github.com/hackastak/repog/internal/github/repos.go:164.4,164.31 1 1
github.com/hackastak/repog/internal/github/repos.go:164.31,165.12 1 1
github.com/hackastak/repog/internal/github/repos.go:166.25,166.25 0 1
github.com/hackastak/repog/internal/github/repos.go:167.23,169.12 2 0
github.com/hackastak/repog/internal/github/repos.go:173.4,173.24 1 1
github.com/hackastak/repog/internal/github/repos.go:173.24,175.5 1 1
github.com/hackastak/repog/internal/github/repos.go:177.4,177.10 1 1
github.com/hackastak/repog/internal/github/repos.go:181.2,181.22 1 1
github.com/hackastak/repog/internal/github/repos.go:187.82,190.16 3 1
github.com/hackastak/repog/internal/github/repos.go:190.16,192.3 1 0
github.com/hackastak/repog/internal/github/repos.go:193.2,193.15 1 1
github.com/hackastak/repog/internal/github/repos.go:193.15,193.40 1 1
github.com/hackastak/repog/internal/github/repos.go:195.2,195.28 1 1
github.com/hackastak/repog/internal/github/repos.go:195.28,197.3 1 1
github.com/hackastak/repog/internal/github/repos.go:199.2,199.28 1 1
github.com/hackastak/repog/internal/github/repos.go:199.28,201.3 1 1
github.com/hackastak/repog/internal/github/repos.go:203.2,204.16 2 1
github.com/hackastak/repog/internal/github/repos.go:204.16,206.3 1 0
github.com/hackastak/repog/internal/github/repos.go:208.2,209.54 2 1
github.com/hackastak/repog/internal/github/repos.go:209.54,211.3 1 0
github.com/hackastak/repog/internal/github/repos.go:213.2,213.57 1 1
github.com/hackastak/repog/internal/github/repos.go:213.57,215.3 1 1
github.com/hackastak/repog/internal/github/repos.go:218.2,220.16 3 1
github.com/hackastak/repog/internal/github/repos.go:220.16,222.3 1 0
github.com/hackastak/repog/internal/github/repos.go:224.2,224.51 1 1
github.com/hackastak/repog/internal/github/repos.go:231.92,234.16 3 1
github.com/hackastak/repog/internal/github/repos.go:234.16,236.3 1 0
github.com/hackastak/repog/internal/github/repos.go:237.2,237.15 1 1
github.com/hackastak/repog/internal/github/repos.go:237.15,237.40 1 1
github.com/hackastak/repog/internal/github/repos.go:239.2,239.28 1 1
github.com/hackastak/repog/internal/github/repos.go:239.28,241.3 1 1
github.com/hackastak/repog/internal/github/repos.go:243.2,244.16 2 1
github.com/hackastak/repog/internal/github/repos.go:244.16,246.3 1 0
github.com/hackastak/repog/internal/github/repos.go:248.2,249.52 2 1
github.com/hackastak/repog/internal/github/repos.go:249.52,251.3 1 0
github.com/hackastak/repog/internal/github/repos.go:253.2,254.34 2 1
github.com/hackastak/repog/internal/github/repos.go:254.34,256.27 1 1
github.com/hackastak/repog/internal/github/repos.go:256.27,257.12 1 1
github.com/hackastak/repog/internal/github/repos.go:261.3,262.21 2 1
github.com/hackastak/repog/internal/github/repos.go:262.21,263.12 1 1
github.com/hackastak/repog/internal/github/repos.go:266.3,266.36 1 1
github.com/hackastak/repog/internal/github/repos.go:269.2,269.21 1 1
github.com/hackastak/repog/internal/github/repos.go:269.21,271.3 1 1
github.com/hackastak/repog/internal/github/repos.go:274.2,276.34 2 1
github.com/hackastak/repog/internal/format/format.go:14.36,15.18 1 1
github.com/hackastak/repog/internal/format/format.go:15.18,17.3 1 1
github.com/hackastak/repog/internal/format/format.go:18.2,18.19 1 1
github.com/hackastak/repog/internal/format/format.go:18.19,20.3 1 1
github.com/hackastak/repog/internal/format/format.go:21.2,21.39 1 1
github.com/hackastak/repog/internal/format/format.go:26.57,29.16 2 1
github.com/hackastak/repog/internal/format/format.go:29.16,31.3 1 1
github.com/hackastak/repog/internal/format/format.go:33.2,39.29 6 1
github.com/hackastak/repog/internal/format/format.go:39.29,45.19 4 1
github.com/hackastak/repog/internal/format/format.go:45.19,47.4 1 1
github.com/hackastak/repog/internal/format/format.go:50.3,50.56 1 1
github.com/hackastak/repog/internal/format/format.go:50.56,54.4 3 1
github.com/hackastak/repog/internal/format/format.go:56.3,56.28 1 1
github.com/hackastak/repog/internal/format/format.go:56.28,58.4 1 1
github.com/hackastak/repog/internal/format/format.go:59.3,59.32 1 1
github.com/hackastak/repog/internal/format/format.go:62.2,62.27 1 1
github.com/hackastak/repog/internal/format/format.go:62.27,64.3 1 1
github.com/hackastak/repog/internal/format/format.go:67.2,67.34 1 1
github.com/hackastak/repog/internal/format/format.go:67.34,69.3 1 1
github.com/hackastak/repog/internal/format/format.go:71.2,71.34 1 1
github.com/hackastak/repog/internal/format/format.go:75.34,76.16 1 1
github.com/hackastak/repog/internal/format/format.go:76.16,78.3 1 1
github.com/hackastak/repog/internal/format/format.go:79.2,79.15 1 1
github.com/hackastak/repog/internal/format/format.go:79.15,81.3 1 1
github.com/hackastak/repog/internal/format/format.go:82.2,82.37 1 1
github.com/hackastak/repog/internal/format/format.go:86.26,88.30 2 1
github.com/hackastak/repog/internal/format/format.go:88.30,90.3 1 1
github.com/hackastak/repog/internal/format/format.go:91.2,91.14 1 0
github.com/hackastak/repog/internal/format/format.go:95.50,97.2 1 1
github.com/hackastak/repog/internal/format/format.go:100.54,103.31 2 1
github.com/hackastak/repog/internal/format/format.go:103.31,105.3 1 1
github.com/hackastak/repog/internal/format/format.go:106.2,106.20 1 1
github.com/hackastak/repog/internal/format/format.go:106.20,108.3 1 1
github.com/hackastak/repog/internal/format/format.go:109.2,109.38 1 1
github.com/hackastak/repog/internal/format/format.go:113.50,115.16 2 1
github.com/hackastak/repog/internal/format/format.go:115.16,118.17 2 1
github.com/hackastak/repog/internal/format/format.go:118.17,120.4 1 1
github.com/hackastak/repog/internal/format/format.go:123.2,126.15 3 1
github.com/hackastak/repog/internal/format/format.go:126.15,129.19 2 1
github.com/hackastak/repog/internal/format/format.go:129.19,131.4 1 1
github.com/hackastak/repog/internal/format/format.go:133.3,134.19 2 1
github.com/hackastak/repog/internal/format/format.go:134.19,135.20 1 1
github.com/hackastak/repog/internal/format/format.go:135.20,137.5 1 1
github.com/hackastak/repog/internal/format/format.go:138.4,138.49 1 1
github.com/hackastak/repog/internal/format/format.go:141.3,142.17 2 1
github.com/hackastak/repog/internal/format/format.go:142.17,143.18 1 1
github.com/hackastak/repog/internal/format/format.go:143.18,145.5 1 1
github.com/hackastak/repog/internal/format/format.go:146.4,146.45 1 1
github.com/hackastak/repog/internal/format/format.go:149.3,150.16 2 1
github.com/hackastak/repog/internal/format/format.go:150.16,152.4 1 1
github.com/hackastak/repog/internal/format/format.go:153.3,153.42 1 1
github.com/hackastak/repog/internal/format/format.go:157.2,161.18 4 1
github.com/hackastak/repog/internal/format/format.go:161.18,162.19 1 0
github.com/hackastak/repog/internal/format/format.go:162.19,164.4 1 0
github.com/hackastak/repog/internal/format/format.go:165.3,165.47 1 0
github.com/hackastak/repog/internal/format/format.go:168.2,169.16 2 1
github.com/hackastak/repog/internal/format/format.go:169.16,170.17 1 1
github.com/hackastak/repog/internal/format/format.go:170.17,172.4 1 1
github.com/hackastak/repog/internal/format/format.go:173.3,173.43 1 0
github.com/hackastak/repog/internal/format/format.go:176.2,177.15 2 0
github.com/hackastak/repog/internal/format/format.go:177.15,179.3 1 0
github.com/hackastak/repog/internal/format/format.go:180.2,180.40 1 0
github.com/hackastak/repog/internal/format/format.go:184.41,193.35 3 1
github.com/hackastak/repog/internal/format/format.go:193.35,194.7 1 1
github.com/hackastak/repog/internal/format/format.go:194.7,196.17 2 1
github.com/hackastak/repog/internal/format/format.go:196.17,197.10 1 1
github.com/hackastak/repog/internal/format/format.go:200.4,201.56 2 1
github.com/hackastak/repog/internal/format/format.go:201.56,203.5 1 1
github.com/hackastak/repog/internal/format/format.go:204.4,204.55 1 1
github.com/hackastak/repog/internal/format/format.go:208.2,208.15 1 1
github.com/hackastak/repog/internal/format/format.go:211.32,213.2 1 1
github.com/hackastak/repog/internal/recommend/recommend.go:47.93,49.31 2 1
github.com/hackastak/repog/internal/recommend/recommend.go:49.31,51.24 2 1
github.com/hackastak/repog/internal/recommend/recommend.go:51.24,53.4 1 1
github.com/hackastak/repog/internal/recommend/recommend.go:54.3,55.21 2 1
github.com/hackastak/repog/internal/recommend/recommend.go:55.21,57.4 1 1
github.com/hackastak/repog/internal/recommend/recommend.go:58.3,58.129 1 1
github.com/hackastak/repog/internal/recommend/recommend.go:61.2,79.109 1 1
github.com/hackastak/repog/internal/recommend/recommend.go:83.42,88.77 3 1
github.com/hackastak/repog/internal/recommend/recommend.go:88.77,90.3 1 1
github.com/hackastak/repog/internal/recommend/recommend.go:93.2,95.65 3 1
github.com/hackastak/repog/internal/recommend/recommend.go:95.65,97.3 1 1
github.com/hackastak/repog/internal/recommend/recommend.go:100.2,102.57 3 1
github.com/hackastak/repog/internal/recommend/recommend.go:102.57,104.3 1 1
github.com/hackastak/repog/internal/recommend/recommend.go:106.2,106.16 1 1
github.com/hackastak/repog/internal/recommend/recommend.go:110.68,114.65 3 1
github.com/hackastak/repog/internal/recommend/recommend.go:114.65,117.63 2 1
github.com/hackastak/repog/internal/recommend/recommend.go:117.63,119.4 1 1
github.com/hackastak/repog/internal/recommend/recommend.go:120.3,120.30 1 0
github.com/hackastak/repog/internal/recommend/recommend.go:123.2,124.30 2 1
github.com/hackastak/repog/internal/recommend/recommend.go:124.30,126.10 2 1
github.com/hackastak/repog/internal/recommend/recommend.go:126.10,127.12 1 0
github.com/hackastak/repog/internal/recommend/recommend.go:130.3,135.61 5 1
github.com/hackastak/repog/internal/recommend/recommend.go:135.61,136.12 1 1
github.com/hackastak/repog/internal/recommend/recommend.go:139.3,145.18 2 1
github.com/hackastak/repog/internal/recommend/recommend.go:145.18,147.4 1 1
github.com/hackastak/repog/internal/recommend/recommend.go:149.3,151.36 2 1
github.com/hackastak/repog/internal/recommend/recommend.go:151.36,152.9 1 1
github.com/hackastak/repog/internal/recommend/recommend.go:156.2,156.24 1 1
github.com/hackastak/repog/internal/recommend/recommend.go:160.90,169.16 4 1
github.com/hackastak/repog/internal/recommend/recommend.go:169.16,171.3 1 0
github.com/hackastak/repog/internal/recommend/recommend.go:174.2,178.16 4 1
github.com/hackastak/repog/internal/recommend/recommend.go:178.16,181.3 2 0
github.com/hackastak/repog/internal/recommend/recommend.go:183.2,183.36 1 1
github.com/hackastak/repog/internal/recommend/recommend.go:183.36,186.3 2 1
github.com/hackastak/repog/internal/recommend/recommend.go:188.2,202.19 5 1
github.com/hackastak/repog/internal/recommend/recommend.go:202.19,204.3 1 1
github.com/hackastak/repog/internal/recommend/recommend.go:206.2,212.20 4 1
github.com/hackastak/repog/internal/embed/pipeline.go:51.81,55.25 2 1
github.com/hackastak/repog/internal/embed/pipeline.go:55.25,57.3 1 0
github.com/hackastak/repog/internal/embed/pipeline.go:58.2,58.26 1 1
github.com/hackastak/repog/internal/embed/pipeline.go:58.26,60.3 1 0
github.com/hackastak/repog/internal/embed/pipeline.go:62.2,62.12 1 1
github.com/hackastak/repog/internal/embed/pipeline.go:62.12,73.17 4 1
github.com/hackastak/repog/internal/embed/pipeline.go:73.17,76.4 2 0
github.com/hackastak/repog/internal/embed/pipeline.go:78.3,79.19 2 1
github.com/hackastak/repog/internal/embed/pipeline.go:79.19,81.90 2 1
github.com/hackastak/repog/internal/embed/pipeline.go:81.90,82.13 1 0
github.com/hackastak/repog/internal/embed/pipeline.go:84.4,84.28 1 1
github.com/hackastak/repog/internal/embed/pipeline.go:86.3,88.22 2 1
github.com/hackastak/repog/internal/embed/pipeline.go:88.22,91.4 2 0
github.com/hackastak/repog/internal/embed/pipeline.go:94.3,95.30 2 1
github.com/hackastak/repog/internal/embed/pipeline.go:95.30,98.29 2 1
github.com/hackastak/repog/internal/embed/pipeline.go:98.29,100.5 1 1
github.com/hackastak/repog/internal/embed/pipeline.go:103.4,110.104 3 1
github.com/hackastak/repog/internal/embed/pipeline.go:110.104,125.5 4 1
github.com/hackastak/repog/internal/embed/pipeline.go:125.10,127.5 1 1
github.com/hackastak/repog/internal/embed/pipeline.go:130.3,130.31 1 1
github.com/hackastak/repog/internal/embed/pipeline.go:130.31,137.4 2 1
github.com/hackastak/repog/internal/embed/pipeline.go:140.3,141.39 2 1
github.com/hackastak/repog/internal/embed/pipeline.go:141.39,143.29 2 1
github.com/hackastak/repog/internal/embed/pipeline.go:143.29,145.5 1 1
github.com/hackastak/repog/internal/embed/pipeline.go:148.4,153.18 2 1
github.com/hackastak/repog/internal/embed/pipeline.go:153.18,154.13 1 0
github.com/hackastak/repog/internal/embed/pipeline.go:157.4,157.25 1 1
github.com/hackastak/repog/internal/embed/pipeline.go:157.25,159.72 2 1
github.com/hackastak/repog/internal/embed/pipeline.go:159.72,160.14 1 0
github.com/hackastak/repog/internal/embed/pipeline.go:162.5,162.31 1 1
github.com/hackastak/repog/internal/embed/pipeline.go:164.4,164.25 1 1
github.com/hackastak/repog/internal/embed/pipeline.go:167.3,169.23 2 1
github.com/hackastak/repog/internal/embed/pipeline.go:169.23,176.4 2 0
github.com/hackastak/repog/internal/embed/pipeline.go:179.3,183.32 3 1
github.com/hackastak/repog/internal/embed/pipeline.go:183.32,187.4 3 1
github.com/hackastak/repog/internal/embed/pipeline.go:189.3,189.62 1 1
github.com/hackastak/repog/internal/embed/pipeline.go:189.62,192.25 3 1
github.com/hackastak/repog/internal/embed/pipeline.go:192.25,194.5 1 1
github.com/hackastak/repog/internal/embed/pipeline.go:196.4,200.32 3 1
github.com/hackastak/repog/internal/embed/pipeline.go:200.32,205.5 1 1
github.com/hackastak/repog/internal/embed/pipeline.go:208.4,211.47 2 1
github.com/hackastak/repog/internal/embed/pipeline.go:211.47,223.19 4 1
github.com/hackastak/repog/internal/embed/pipeline.go:223.19,225.14 2 0
github.com/hackastak/repog/internal/embed/pipeline.go:228.5,232.29 3 1
github.com/hackastak/repog/internal/embed/pipeline.go:232.29,233.32 1 1
github.com/hackastak/repog/internal/embed/pipeline.go:233.32,235.12 2 1
github.com/hackastak/repog/internal/embed/pipeline.go:238.5,238.24 1 1
github.com/hackastak/repog/internal/embed/pipeline.go:238.24,244.42 4 1
github.com/hackastak/repog/internal/embed/pipeline.go:244.42,249.7 1 1
github.com/hackastak/repog/internal/embed/pipeline.go:254.4,255.43 2 1
github.com/hackastak/repog/internal/embed/pipeline.go:255.43,257.5 1 0
github.com/hackastak/repog/internal/embed/pipeline.go:258.4,269.5 2 1
github.com/hackastak/repog/internal/embed/pipeline.go:272.3,278.4 1 1
github.com/hackastak/repog/internal/embed/pipeline.go:281.2,281.16 1 1
github.com/hackastak/repog/internal/search/query.go:50.123,57.16 3 1
github.com/hackastak/repog/internal/search/query.go:57.16,59.3 1 0
github.com/hackastak/repog/internal/search/query.go:62.2,66.22 4 1
github.com/hackastak/repog/internal/search/query.go:66.22,68.3 1 1
github.com/hackastak/repog/internal/search/query.go:71.2,78.29 5 1
github.com/hackastak/repog/internal/search/query.go:78.29,81.3 2 1
github.com/hackastak/repog/internal/search/query.go:83.2,83.48 1 1
github.com/hackastak/repog/internal/search/query.go:83.48,85.3 1 1
github.com/hackastak/repog/internal/search/query.go:87.2,87.44 1 1
github.com/hackastak/repog/internal/search/query.go:87.44,89.3 1 1
github.com/hackastak/repog/internal/search/query.go:91.2,91.26 1 1
github.com/hackastak/repog/internal/search/query.go:91.26,94.3 2 0
github.com/hackastak/repog/internal/search/query.go:96.2,97.27 2 1
github.com/hackastak/repog/internal/search/query.go:97.27,99.3 1 1
github.com/hackastak/repog/internal/search/query.go:102.2,132.16 7 1
github.com/hackastak/repog/internal/search/query.go:132.16,134.3 1 0
github.com/hackastak/repog/internal/search/query.go:135.2,135.15 1 1
github.com/hackastak/repog/internal/search/query.go:135.15,135.35 1 1
github.com/hackastak/repog/internal/search/query.go:139.2,143.18 3 1
github.com/hackastak/repog/internal/search/query.go:143.18,153.17 5 1
github.com/hackastak/repog/internal/search/query.go:153.17,154.12 1 0
github.com/hackastak/repog/internal/search/query.go:157.3,165.89 6 1
github.com/hackastak/repog/internal/search/query.go:165.89,167.4 1 1
github.com/hackastak/repog/internal/search/query.go:170.3,170.56 1 1
github.com/hackastak/repog/internal/search/query.go:170.56,172.4 1 1
github.com/hackastak/repog/internal/search/query.go:176.2,177.31 2 1
github.com/hackastak/repog/internal/search/query.go:177.31,179.3 1 1
github.com/hackastak/repog/internal/search/query.go:182.2,183.31 2 1
github.com/hackastak/repog/internal/search/query.go:183.31,185.3 1 1
github.com/hackastak/repog/internal/search/query.go:186.2,186.40 1 1
github.com/hackastak/repog/internal/search/query.go:186.40,188.3 1 1
github.com/hackastak/repog/internal/search/query.go:191.2,191.24 1 1
github.com/hackastak/repog/internal/search/query.go:191.24,193.3 1 1
github.com/hackastak/repog/internal/search/query.go:194.2,194.29 1 1
github.com/hackastak/repog/internal/search/query.go:194.29,197.42 2 1
github.com/hackastak/repog/internal/search/query.go:197.42,200.4 2 1
github.com/hackastak/repog/internal/search/query.go:201.3,201.53 1 1
github.com/hackastak/repog/internal/search/query.go:204.2,204.20 1 1
github.com/hackastak/repog/internal/summarize/summarize.go:48.69,50.31 2 1
github.com/hackastak/repog/internal/summarize/summarize.go:50.31,52.3 1 1
github.com/hackastak/repog/internal/summarize/summarize.go:54.2,61.20 2 1
github.com/hackastak/repog/internal/summarize/summarize.go:65.111,79.16 4 1
github.com/hackastak/repog/internal/summarize/summarize.go:79.16,83.3 3 0
github.com/hackastak/repog/internal/summarize/summarize.go:84.2,84.15 1 1
github.com/hackastak/repog/internal/summarize/summarize.go:84.15,84.35 1 1
github.com/hackastak/repog/internal/summarize/summarize.go:86.2,87.18 2 1
github.com/hackastak/repog/internal/summarize/summarize.go:87.18,89.61 2 1
github.com/hackastak/repog/internal/summarize/summarize.go:89.61,90.12 1 0
github.com/hackastak/repog/internal/summarize/summarize.go:92.3,92.29 1 1
github.com/hackastak/repog/internal/summarize/summarize.go:96.2,96.22 1 1
github.com/hackastak/repog/internal/summarize/summarize.go:96.22,98.21 2 1
github.com/hackastak/repog/internal/summarize/summarize.go:98.21,100.4 1 1
github.com/hackastak/repog/internal/summarize/summarize.go:101.3,102.21 2 1
github.com/hackastak/repog/internal/summarize/summarize.go:105.2,118.19 5 1
github.com/hackastak/repog/internal/summarize/summarize.go:118.19,121.3 2 1
github.com/hackastak/repog/internal/summarize/summarize.go:123.2,127.20 4 1
github.com/hackastak/repog/internal/db/db.go:13.13,16.2 1 1
github.com/hackastak/repog/internal/db/db.go:21.41,24.47 2 1
github.com/hackastak/repog/internal/db/db.go:24.47,26.3 1 0
github.com/hackastak/repog/internal/db/db.go:29.2,30.16 2 1
github.com/hackastak/repog/internal/db/db.go:30.16,32.3 1 0
github.com/hackastak/repog/internal/db/db.go:35.2,44.33 2 1
github.com/hackastak/repog/internal/db/db.go:44.33,45.44 1 1
github.com/hackastak/repog/internal/db/db.go:45.44,48.4 2 0
github.com/hackastak/repog/internal/db/db.go:52.2,52.42 1 1
github.com/hackastak/repog/internal/db/db.go:52.42,55.3 2 0
github.com/hackastak/repog/internal/db/db.go:57.2,57.16 1 1
github.com/hackastak/repog/internal/db/db.go:61.30,62.15 1 1
github.com/hackastak/repog/internal/db/db.go:62.15,64.3 1 0
github.com/hackastak/repog/internal/db/db.go:65.2,65.19 1 1
github.com/hackastak/repog/internal/db/db.go:69.45,72.16 3 1
github.com/hackastak/repog/internal/db/db.go:72.16,74.3 1 0
github.com/hackastak/repog/internal/db/db.go:75.2,75.27 1 1
github.com/hackastak/repog/internal/db/db.go:79.45,82.16 3 1
github.com/hackastak/repog/internal/db/db.go:82.16,84.3 1 0
github.com/hackastak/repog/internal/db/db.go:85.2,85.21 1 1
github.com/hackastak/repog/internal/db/migrations.go:25.38,26.39 1 1
github.com/hackastak/repog/internal/db/migrations.go:26.39,27.47 1 1
github.com/hackastak/repog/internal/db/migrations.go:27.47,29.4 1 0
github.com/hackastak/repog/internal/db/migrations.go:31.2,31.12 1 1
github.com/hackastak/repog/internal/ask/ask.go:46.75,48.31 2 1
github.com/hackastak/repog/internal/ask/ask.go:48.31,50.3 1 1
github.com/hackastak/repog/internal/ask/ask.go:52.2,60.57 2 1
github.com/hackastak/repog/internal/ask/ask.go:64.81,67.33 2 1
github.com/hackastak/repog/internal/ask/ask.go:67.33,69.57 2 1
github.com/hackastak/repog/internal/ask/ask.go:69.57,75.4 1 1
github.com/hackastak/repog/internal/ask/ask.go:79.2,80.25 2 1
github.com/hackastak/repog/internal/ask/ask.go:80.25,82.24 2 1
github.com/hackastak/repog/internal/ask/ask.go:82.24,83.9 1 1
github.com/hackastak/repog/internal/ask/ask.go:87.2,87.16 1 1
github.com/hackastak/repog/internal/ask/ask.go:91.97,100.16 4 1
github.com/hackastak/repog/internal/ask/ask.go:100.16,102.3 1 1
github.com/hackastak/repog/internal/ask/ask.go:105.2,108.16 2 1
github.com/hackastak/repog/internal/ask/ask.go:108.16,111.3 2 0
github.com/hackastak/repog/internal/ask/ask.go:114.2,115.21 2 1
github.com/hackastak/repog/internal/ask/ask.go:115.21,116.42 1 1
github.com/hackastak/repog/internal/ask/ask.go:116.42,117.52 1 1
github.com/hackastak/repog/internal/ask/ask.go:117.52,119.5 1 1
github.com/hackastak/repog/internal/ask/ask.go:121.8,123.3 1 1
github.com/hackastak/repog/internal/ask/ask.go:126.2,126.23 1 1
github.com/hackastak/repog/internal/ask/ask.go:126.23,128.21 2 1
github.com/hackastak/repog/internal/ask/ask.go:128.21,130.4 1 1
github.com/hackastak/repog/internal/ask/ask.go:131.3,132.21 2 1
github.com/hackastak/repog/internal/ask/ask.go:136.2,146.19 4 1
github.com/hackastak/repog/internal/ask/ask.go:146.19,149.3 2 1
github.com/hackastak/repog/internal/ask/ask.go:151.2,156.20 5 1
github.com/hackastak/repog/internal/sync/ingest.go:58.36,61.2 2 1
github.com/hackastak/repog/internal/sync/ingest.go:67.78,70.12 2 1
github.com/hackastak/repog/internal/sync/ingest.go:70.12,77.24 4 1
github.com/hackastak/repog/internal/sync/ingest.go:77.24,79.29 2 1
github.com/hackastak/repog/internal/sync/ingest.go:79.29,84.5 1 1
github.com/hackastak/repog/internal/sync/ingest.go:85.4,85.34 1 1
github.com/hackastak/repog/internal/sync/ingest.go:85.34,88.5 2 1
github.com/hackastak/repog/internal/sync/ingest.go:92.3,92.26 1 1
github.com/hackastak/repog/internal/sync/ingest.go:92.26,94.29 2 1
github.com/hackastak/repog/internal/sync/ingest.go:94.29,95.58 1 1
github.com/hackastak/repog/internal/sync/ingest.go:95.58,98.6 2 1
github.com/hackastak/repog/internal/sync/ingest.go:98.11,103.6 1 1
github.com/hackastak/repog/internal/sync/ingest.go:105.4,105.34 1 1
github.com/hackastak/repog/internal/sync/ingest.go:105.34,108.5 2 0
github.com/hackastak/repog/internal/sync/ingest.go:111.3,113.47 2 1
github.com/hackastak/repog/internal/sync/ingest.go:113.47,131.35 8 1
github.com/hackastak/repog/internal/sync/ingest.go:131.35,138.5 3 1
github.com/hackastak/repog/internal/sync/ingest.go:141.4,141.79 1 1
github.com/hackastak/repog/internal/sync/ingest.go:141.79,142.38 1 1
github.com/hackastak/repog/internal/sync/ingest.go:142.38,145.14 3 1
github.com/hackastak/repog/internal/sync/ingest.go:150.4,154.43 3 1
github.com/hackastak/repog/internal/sync/ingest.go:154.43,156.5 1 1
github.com/hackastak/repog/internal/sync/ingest.go:159.4,160.18 2 1
github.com/hackastak/repog/internal/sync/ingest.go:160.18,163.13 3 0
github.com/hackastak/repog/internal/sync/ingest.go:167.4,168.31 2 1
github.com/hackastak/repog/internal/sync/ingest.go:168.31,170.5 1 1
github.com/hackastak/repog/internal/sync/ingest.go:171.4,172.28 2 1
github.com/hackastak/repog/internal/sync/ingest.go:172.28,174.5 1 1
github.com/hackastak/repog/internal/sync/ingest.go:175.4,179.21 4 1
github.com/hackastak/repog/internal/sync/ingest.go:179.21,181.5 1 1
github.com/hackastak/repog/internal/sync/ingest.go:182.4,183.23 2 1
github.com/hackastak/repog/internal/sync/ingest.go:183.23,185.5 1 1
github.com/hackastak/repog/internal/sync/ingest.go:186.4,187.20 2 1
github.com/hackastak/repog/internal/sync/ingest.go:187.20,189.5 1 0
github.com/hackastak/repog/internal/sync/ingest.go:190.4,191.21 2 1
github.com/hackastak/repog/internal/sync/ingest.go:191.21,193.5 1 0
github.com/hackastak/repog/internal/sync/ingest.go:194.4,195.17 2 1
github.com/hackastak/repog/internal/sync/ingest.go:195.17,197.5 1 0
github.com/hackastak/repog/internal/sync/ingest.go:199.4,229.18 2 1
github.com/hackastak/repog/internal/sync/ingest.go:229.18,233.13 4 0
github.com/hackastak/repog/internal/sync/ingest.go:237.4,238.18 2 1
github.com/hackastak/repog/internal/sync/ingest.go:238.18,240.5 1 1
github.com/hackastak/repog/internal/sync/ingest.go:240.10,242.5 1 1
github.com/hackastak/repog/internal/sync/ingest.go:245.4,246.18 2 1
github.com/hackastak/repog/internal/sync/ingest.go:246.18,250.13 4 0
github.com/hackastak/repog/internal/sync/ingest.go:254.4,273.18 4 1
github.com/hackastak/repog/internal/sync/ingest.go:273.18,277.13 4 0
github.com/hackastak/repog/internal/sync/ingest.go:281.4,281.20 1 1
github.com/hackastak/repog/internal/sync/ingest.go:281.20,286.19 2 1
github.com/hackastak/repog/internal/sync/ingest.go:286.19,290.14 4 0
github.com/hackastak/repog/internal/sync/ingest.go:295.4,295.22 1 1
github.com/hackastak/repog/internal/sync/ingest.go:295.22,300.19 2 1
github.com/hackastak/repog/internal/sync/ingest.go:300.19,304.14 4 0
github.com/hackastak/repog/internal/sync/ingest.go:309.4,317.18 2 1
github.com/hackastak/repog/internal/sync/ingest.go:317.18,321.13 4 0
github.com/hackastak/repog/internal/sync/ingest.go:324.4,324.38 1 1
github.com/hackastak/repog/internal/sync/ingest.go:324.38,327.13 3 0
github.com/hackastak/repog/internal/sync/ingest.go:330.4,332.18 3 1
github.com/hackastak/repog/internal/sync/ingest.go:332.18,334.5 1 1
github.com/hackastak/repog/internal/sync/ingest.go:335.4,335.72 1 1
github.com/hackastak/repog/internal/sync/ingest.go:338.3,343.4 1 1
github.com/hackastak/repog/internal/sync/ingest.go:346.2,346.16 1 1
github.com/hackastak/repog/internal/config/config.go:44.61,46.2 1 0
github.com/hackastak/repog/internal/config/config.go:48.64,50.2 1 0
github.com/hackastak/repog/internal/config/config.go:52.57,54.2 1 0
github.com/hackastak/repog/internal/config/config.go:60.43,62.2 1 1
github.com/hackastak/repog/internal/config/config.go:67.40,69.16 2 0
github.com/hackastak/repog/internal/config/config.go:69.16,71.3 1 0
github.com/hackastak/repog/internal/config/config.go:72.2,72.48 1 0
github.com/hackastak/repog/internal/config/config.go:76.35,78.16 2 1
github.com/hackastak/repog/internal/config/config.go:78.16,80.3 1 0
github.com/hackastak/repog/internal/config/config.go:81.2,81.47 1 1
github.com/hackastak/repog/internal/config/config.go:85.29,87.16 2 1
github.com/hackastak/repog/internal/config/config.go:87.16,89.3 1 0
github.com/hackastak/repog/internal/config/config.go:90.2,90.50 1 1
github.com/hackastak/repog/internal/config/config.go:95.36,97.16 2 1
github.com/hackastak/repog/internal/config/config.go:97.16,99.3 1 0
github.com/hackastak/repog/internal/config/config.go:101.2,102.16 2 1
github.com/hackastak/repog/internal/config/config.go:102.16,103.25 1 1
github.com/hackastak/repog/internal/config/config.go:103.25,105.4 1 1
github.com/hackastak/repog/internal/config/config.go:106.3,106.18 1 0
github.com/hackastak/repog/internal/config/config.go:109.2,110.51 2 1
github.com/hackastak/repog/internal/config/config.go:110.51,112.3 1 0
github.com/hackastak/repog/internal/config/config.go:115.2,116.16 2 1
github.com/hackastak/repog/internal/config/config.go:116.16,118.3 1 1
github.com/hackastak/repog/internal/config/config.go:120.2,121.16 2 1
github.com/hackastak/repog/internal/config/config.go:121.16,123.3 1 1
github.com/hackastak/repog/internal/config/config.go:125.2,125.18 1 1
github.com/hackastak/repog/internal/config/config.go:129.68,132.16 2 1
github.com/hackastak/repog/internal/config/config.go:132.16,134.3 1 0
github.com/hackastak/repog/internal/config/config.go:135.2,135.47 1 1
github.com/hackastak/repog/internal/config/config.go:135.47,137.3 1 0
github.com/hackastak/repog/internal/config/config.go:140.2,141.49 2 1
github.com/hackastak/repog/internal/config/config.go:141.49,143.3 1 0
github.com/hackastak/repog/internal/config/config.go:146.2,150.16 3 1
github.com/hackastak/repog/internal/config/config.go:150.16,152.3 1 0
github.com/hackastak/repog/internal/config/config.go:154.2,155.16 2 1
github.com/hackastak/repog/internal/config/config.go:155.16,157.3 1 0
github.com/hackastak/repog/internal/config/config.go:159.2,159.55 1 1
github.com/hackastak/repog/internal/config/config.go:159.55,161.3 1 0
github.com/hackastak/repog/internal/config/config.go:164.2,164.45 1 1
github.com/hackastak/repog/internal/config/config.go:164.45,166.3 1 0
github.com/hackastak/repog/internal/config/config.go:169.2,169.88 1 1
github.com/hackastak/repog/internal/config/config.go:169.88,171.3 1 0
github.com/hackastak/repog/internal/config/config.go:173.2,173.94 1 1
github.com/hackastak/repog/internal/config/config.go:173.94,175.3 1 0
github.com/hackastak/repog/internal/config/config.go:177.2,177.12 1 1
github.com/hackastak/repog/internal/config/config.go:181.26,184.16 2 1
github.com/hackastak/repog/internal/config/config.go:184.16,186.3 1 1
github.com/hackastak/repog/internal/config/config.go:189.2,192.12 3 1
github.com/hackastak/repog/internal/config/config.go:197.26,200.2 2 1
github.com/hackastak/repog/internal/config/config.go:203.37,205.16 2 1
github.com/hackastak/repog/internal/config/config.go:205.16,207.3 1 1
github.com/hackastak/repog/internal/config/config.go:208.2,208.17 1 1
github.com/hackastak/repog/internal/config/config.go:212.40,214.16 2 1
github.com/hackastak/repog/internal/config/config.go:214.16,216.3 1 1
github.com/hackastak/repog/internal/config/config.go:217.2,217.17 1 1
github.com/hackastak/repog/cmd/repog/main.go:10.13,11.43 1 0
github.com/hackastak/repog/cmd/repog/main.go:11.43,13.3 1 0
github.com/hackastak/repog/commands/ask.go:31.13,34.2 2 0
github.com/hackastak/repog/commands/ask.go:36.54,45.54 6 0
github.com/hackastak/repog/commands/ask.go:45.54,48.3 2 0
github.com/hackastak/repog/commands/ask.go:51.2,52.16 2 0
github.com/hackastak/repog/commands/ask.go:52.16,55.3 2 0
github.com/hackastak/repog/commands/ask.go:57.2,58.16 2 0
github.com/hackastak/repog/commands/ask.go:58.16,61.3 2 0
github.com/hackastak/repog/commands/ask.go:64.2,65.16 2 0
github.com/hackastak/repog/commands/ask.go:65.16,68.3 2 0
github.com/hackastak/repog/commands/ask.go:69.2,69.15 1 0
github.com/hackastak/repog/commands/ask.go:69.15,69.39 1 0
github.com/hackastak/repog/commands/ask.go:72.2,73.96 2 0
github.com/hackastak/repog/commands/ask.go:73.96,76.3 2 0
github.com/hackastak/repog/commands/ask.go:77.2,77.16 1 0
github.com/hackastak/repog/commands/ask.go:77.16,80.3 2 0
github.com/hackastak/repog/commands/ask.go:83.2,95.24 5 0
github.com/hackastak/repog/commands/ask.go:95.24,97.3 1 0
github.com/hackastak/repog/commands/ask.go:99.2,99.16 1 0
github.com/hackastak/repog/commands/ask.go:99.16,103.3 3 0
github.com/hackastak/repog/commands/ask.go:105.2,109.29 3 0
github.com/hackastak/repog/commands/ask.go:109.29,111.41 2 0
github.com/hackastak/repog/commands/ask.go:111.41,114.4 2 0
github.com/hackastak/repog/commands/ask.go:115.3,115.16 1 0
github.com/hackastak/repog/commands/ask.go:119.2,122.12 2 0
github.com/hackastak/repog/commands/embed.go:31.13,35.2 3 0
github.com/hackastak/repog/commands/embed.go:37.56,44.16 5 0
github.com/hackastak/repog/commands/embed.go:44.16,47.3 2 0
github.com/hackastak/repog/commands/embed.go:49.2,50.16 2 0
github.com/hackastak/repog/commands/embed.go:50.16,53.3 2 0
github.com/hackastak/repog/commands/embed.go:56.2,57.16 2 0
github.com/hackastak/repog/commands/embed.go:57.16,60.3 2 0
github.com/hackastak/repog/commands/embed.go:61.2,61.15 1 0
github.com/hackastak/repog/commands/embed.go:61.15,61.39 1 0
github.com/hackastak/repog/commands/embed.go:64.2,65.19 2 0
github.com/hackastak/repog/commands/embed.go:65.19,69.3 3 0
github.com/hackastak/repog/commands/embed.go:71.2,78.29 2 0
github.com/hackastak/repog/commands/embed.go:78.29,79.21 1 0
github.com/hackastak/repog/commands/embed.go:80.16,81.20 1 0
github.com/hackastak/repog/commands/embed.go:81.20,85.30 2 0
github.com/hackastak/repog/commands/embed.go:85.30,87.6 1 0
github.com/hackastak/repog/commands/embed.go:88.10,88.23 1 0
github.com/hackastak/repog/commands/embed.go:88.23,92.5 2 0
github.com/hackastak/repog/commands/embed.go:94.20,95.20 1 0
github.com/hackastak/repog/commands/embed.go:95.20,97.5 1 0
github.com/hackastak/repog/commands/embed.go:99.16,100.20 1 0
github.com/hackastak/repog/commands/embed.go:100.20,102.5 1 0
github.com/hackastak/repog/commands/embed.go:104.15,105.16 1 0
github.com/hackastak/repog/commands/embed.go:105.16,107.5 1 0
github.com/hackastak/repog/commands/embed.go:109.4,109.31 1 0
github.com/hackastak/repog/commands/embed.go:109.31,112.5 1 0
github.com/hackastak/repog/commands/embed.go:112.10,115.5 1 0
github.com/hackastak/repog/commands/embed.go:119.2,119.12 1 0
github.com/hackastak/repog/commands/init.go:34.13,39.2 4 0
github.com/hackastak/repog/commands/init.go:41.39,42.22 1 0
github.com/hackastak/repog/commands/init.go:42.22,44.3 1 0
github.com/hackastak/repog/commands/init.go:45.2,45.57 1 0
github.com/hackastak/repog/commands/init.go:48.55,61.41 10 0
github.com/hackastak/repog/commands/init.go:61.41,66.16 4 0
github.com/hackastak/repog/commands/init.go:66.16,68.4 1 0
github.com/hackastak/repog/commands/init.go:68.9,70.4 1 0
github.com/hackastak/repog/commands/init.go:72.3,73.19 2 0
github.com/hackastak/repog/commands/init.go:73.19,75.4 1 0
github.com/hackastak/repog/commands/init.go:75.9,77.4 1 0
github.com/hackastak/repog/commands/init.go:79.3,79.17 1 0
github.com/hackastak/repog/commands/init.go:79.17,81.4 1 0
github.com/hackastak/repog/commands/init.go:82.3,89.59 4 0
github.com/hackastak/repog/commands/init.go:89.59,92.4 2 0
github.com/hackastak/repog/commands/init.go:94.3,94.17 1 0
github.com/hackastak/repog/commands/init.go:94.17,97.4 2 0
github.com/hackastak/repog/commands/init.go:101.2,102.23 2 0
github.com/hackastak/repog/commands/init.go:102.23,118.100 13 0
github.com/hackastak/repog/commands/init.go:118.100,121.4 2 0
github.com/hackastak/repog/commands/init.go:125.2,133.22 7 0
github.com/hackastak/repog/commands/init.go:133.22,136.3 2 0
github.com/hackastak/repog/commands/init.go:138.2,142.21 3 0
github.com/hackastak/repog/commands/init.go:142.21,150.98 5 0
github.com/hackastak/repog/commands/init.go:150.98,153.4 2 0
github.com/hackastak/repog/commands/init.go:157.2,164.25 6 0
github.com/hackastak/repog/commands/init.go:164.25,167.3 2 0
github.com/hackastak/repog/commands/init.go:169.2,173.18 3 0
github.com/hackastak/repog/commands/init.go:173.18,180.56 3 0
github.com/hackastak/repog/commands/init.go:180.56,183.4 1 0
github.com/hackastak/repog/commands/init.go:185.3,185.19 1 0
github.com/hackastak/repog/commands/init.go:185.19,187.4 1 0
github.com/hackastak/repog/commands/init.go:191.2,196.16 5 0
github.com/hackastak/repog/commands/init.go:196.16,200.3 3 0
github.com/hackastak/repog/commands/init.go:201.2,215.71 8 0
github.com/hackastak/repog/commands/init.go:215.71,219.3 3 0
github.com/hackastak/repog/commands/init.go:220.2,238.12 15 0
github.com/hackastak/repog/commands/recommend.go:35.13,41.2 5 0
github.com/hackastak/repog/commands/recommend.go:43.60,55.16 9 0
github.com/hackastak/repog/commands/recommend.go:55.16,58.3 2 0
github.com/hackastak/repog/commands/recommend.go:60.2,61.16 2 0
github.com/hackastak/repog/commands/recommend.go:61.16,64.3 2 0
github.com/hackastak/repog/commands/recommend.go:67.2,68.16 2 0
github.com/hackastak/repog/commands/recommend.go:68.16,71.3 2 0
github.com/hackastak/repog/commands/recommend.go:72.2,72.15 1 0
github.com/hackastak/repog/commands/recommend.go:72.15,72.39 1 0
github.com/hackastak/repog/commands/recommend.go:75.2,76.96 2 0
github.com/hackastak/repog/commands/recommend.go:76.96,79.3 2 0
github.com/hackastak/repog/commands/recommend.go:80.2,80.16 1 0
github.com/hackastak/repog/commands/recommend.go:80.16,83.3 2 0
github.com/hackastak/repog/commands/recommend.go:86.2,87.29 2 0
github.com/hackastak/repog/commands/recommend.go:87.29,89.3 1 0
github.com/hackastak/repog/commands/recommend.go:90.2,90.22 1 0
github.com/hackastak/repog/commands/recommend.go:90.22,92.3 1 0
github.com/hackastak/repog/commands/recommend.go:93.2,93.20 1 0
github.com/hackastak/repog/commands/recommend.go:93.20,95.3 1 0
github.com/hackastak/repog/commands/recommend.go:96.2,96.26 1 0
github.com/hackastak/repog/commands/recommend.go:96.26,98.3 1 0
github.com/hackastak/repog/commands/recommend.go:101.2,114.16 6 0
github.com/hackastak/repog/commands/recommend.go:114.16,117.3 2 0
github.com/hackastak/repog/commands/recommend.go:119.2,119.38 1 0
github.com/hackastak/repog/commands/recommend.go:119.38,124.3 3 0
github.com/hackastak/repog/commands/recommend.go:127.2,131.43 4 0
github.com/hackastak/repog/commands/recommend.go:131.43,136.3 4 0
github.com/hackastak/repog/commands/recommend.go:139.2,142.12 2 0
github.com/hackastak/repog/commands/root.go:20.22,22.2 1 0
github.com/hackastak/repog/commands/root.go:24.13,33.2 8 0
github.com/hackastak/repog/commands/search.go:35.13,41.2 5 0
github.com/hackastak/repog/commands/search.go:43.57,56.16 10 0
github.com/hackastak/repog/commands/search.go:56.16,59.3 2 0
github.com/hackastak/repog/commands/search.go:61.2,62.16 2 0
github.com/hackastak/repog/commands/search.go:62.16,65.3 2 0
github.com/hackastak/repog/commands/search.go:68.2,69.16 2 0
github.com/hackastak/repog/commands/search.go:69.16,72.3 2 0
github.com/hackastak/repog/commands/search.go:73.2,73.15 1 0
github.com/hackastak/repog/commands/search.go:73.15,73.39 1 0
github.com/hackastak/repog/commands/search.go:76.2,77.96 2 0
github.com/hackastak/repog/commands/search.go:77.96,80.3 2 0
github.com/hackastak/repog/commands/search.go:81.2,81.16 1 0
github.com/hackastak/repog/commands/search.go:81.16,84.3 2 0
github.com/hackastak/repog/commands/search.go:87.2,90.26 2 0
github.com/hackastak/repog/commands/search.go:90.26,92.3 1 0
github.com/hackastak/repog/commands/search.go:93.2,93.19 1 0
github.com/hackastak/repog/commands/search.go:93.19,95.3 1 0
github.com/hackastak/repog/commands/search.go:96.2,96.17 1 0
github.com/hackastak/repog/commands/search.go:96.17,98.3 1 0
github.com/hackastak/repog/commands/search.go:99.2,99.23 1 0
github.com/hackastak/repog/commands/search.go:99.23,101.3 1 0
github.com/hackastak/repog/commands/search.go:104.2,111.16 6 0
github.com/hackastak/repog/commands/search.go:111.16,114.3 2 0
github.com/hackastak/repog/commands/search.go:116.2,116.30 1 0
github.com/hackastak/repog/commands/search.go:116.30,119.3 2 0
github.com/hackastak/repog/commands/search.go:122.2,124.30 3 0
github.com/hackastak/repog/commands/search.go:124.30,126.3 1 0
github.com/hackastak/repog/commands/search.go:127.2,129.35 2 0
github.com/hackastak/repog/commands/search.go:129.35,137.23 5 0
github.com/hackastak/repog/commands/search.go:137.23,139.4 1 0
github.com/hackastak/repog/commands/search.go:141.3,142.16 2 0
github.com/hackastak/repog/commands/search.go:142.16,144.4 1 0
github.com/hackastak/repog/commands/search.go:145.3,145.18 1 0
github.com/hackastak/repog/commands/search.go:145.18,147.4 1 0
github.com/hackastak/repog/commands/search.go:148.3,149.22 2 0
github.com/hackastak/repog/commands/search.go:149.22,151.37 2 0
github.com/hackastak/repog/commands/search.go:151.37,153.5 1 0
github.com/hackastak/repog/commands/search.go:154.4,154.19 1 0
github.com/hackastak/repog/commands/search.go:157.3,160.26 2 0
github.com/hackastak/repog/commands/search.go:160.26,162.4 1 0
github.com/hackastak/repog/commands/search.go:165.3,170.41 4 0
github.com/hackastak/repog/commands/search.go:174.2,178.12 3 0
github.com/hackastak/repog/commands/status.go:31.13,33.2 1 0
github.com/hackastak/repog/commands/status.go:62.57,71.16 7 0
github.com/hackastak/repog/commands/status.go:71.16,74.3 2 0
github.com/hackastak/repog/commands/status.go:77.2,78.16 2 0
github.com/hackastak/repog/commands/status.go:78.16,81.3 2 0
github.com/hackastak/repog/commands/status.go:82.2,82.15 1 0
github.com/hackastak/repog/commands/status.go:82.15,82.39 1 0
github.com/hackastak/repog/commands/status.go:85.2,86.17 2 0
github.com/hackastak/repog/commands/status.go:86.17,90.3 3 0
github.com/hackastak/repog/commands/status.go:93.2,101.12 6 0
github.com/hackastak/repog/commands/status.go:101.12,123.3 11 0
github.com/hackastak/repog/commands/status.go:126.2,127.12 2 0
github.com/hackastak/repog/commands/status.go:127.12,140.24 4 0
github.com/hackastak/repog/commands/status.go:140.24,142.24 2 0
github.com/hackastak/repog/commands/status.go:142.24,145.5 2 0
github.com/hackastak/repog/commands/status.go:148.3,149.23 2 0
github.com/hackastak/repog/commands/status.go:149.23,151.4 1 0
github.com/hackastak/repog/commands/status.go:152.3,152.19 1 0
github.com/hackastak/repog/commands/status.go:152.19,154.4 1 0
github.com/hackastak/repog/commands/status.go:155.3,155.14 1 0
github.com/hackastak/repog/commands/status.go:159.2,160.12 2 0
github.com/hackastak/repog/commands/status.go:160.12,168.3 6 0
github.com/hackastak/repog/commands/status.go:171.2,172.12 2 0
github.com/hackastak/repog/commands/status.go:172.12,180.3 6 0
github.com/hackastak/repog/commands/status.go:183.2,184.12 2 0
github.com/hackastak/repog/commands/status.go:184.12,190.25 5 0
github.com/hackastak/repog/commands/status.go:190.25,192.4 1 0
github.com/hackastak/repog/commands/status.go:193.3,193.14 1 0
github.com/hackastak/repog/commands/status.go:197.2,198.12 2 0
github.com/hackastak/repog/commands/status.go:198.12,201.17 3 0
github.com/hackastak/repog/commands/status.go:201.17,203.4 1 0
github.com/hackastak/repog/commands/status.go:205.3,210.14 5 0
github.com/hackastak/repog/commands/status.go:214.2,215.12 2 0
github.com/hackastak/repog/commands/status.go:215.12,221.17 5 0
github.com/hackastak/repog/commands/status.go:221.17,224.4 2 0
github.com/hackastak/repog/commands/status.go:225.3,225.14 1 0
github.com/hackastak/repog/commands/status.go:228.2,230.14 2 0
github.com/hackastak/repog/commands/status.go:230.14,232.3 1 0
github.com/hackastak/repog/commands/status.go:235.2,235.16 1 0
github.com/hackastak/repog/commands/status.go:235.16,239.3 3 0
github.com/hackastak/repog/commands/status.go:242.2,243.40 2 0
github.com/hackastak/repog/commands/status.go:243.40,245.3 1 0
github.com/hackastak/repog/commands/status.go:247.2,269.39 17 0
github.com/hackastak/repog/commands/status.go:269.39,271.3 1 0
github.com/hackastak/repog/commands/status.go:273.2,274.20 2 0
github.com/hackastak/repog/commands/status.go:275.19,276.34 1 0
github.com/hackastak/repog/commands/status.go:277.16,278.32 1 0
github.com/hackastak/repog/commands/status.go:279.21,280.35 1 0
github.com/hackastak/repog/commands/status.go:282.2,284.37 2 0
github.com/hackastak/repog/commands/status.go:284.37,286.3 1 0
github.com/hackastak/repog/commands/status.go:287.2,291.40 3 0
github.com/hackastak/repog/commands/status.go:291.40,293.3 1 0
github.com/hackastak/repog/commands/status.go:293.8,295.3 1 0
github.com/hackastak/repog/commands/status.go:296.2,300.29 3 0
github.com/hackastak/repog/commands/status.go:300.29,304.3 3 0
github.com/hackastak/repog/commands/status.go:304.8,306.3 1 0
github.com/hackastak/repog/commands/status.go:307.2,313.79 4 0
github.com/hackastak/repog/commands/status.go:313.79,314.38 1 0
github.com/hackastak/repog/commands/status.go:314.38,316.4 1 0
github.com/hackastak/repog/commands/status.go:318.2,326.12 7 0
github.com/hackastak/repog/commands/summarize.go:25.60,35.34 7 0
github.com/hackastak/repog/commands/summarize.go:35.34,38.3 2 0
github.com/hackastak/repog/commands/summarize.go:41.2,42.16 2 0
github.com/hackastak/repog/commands/summarize.go:42.16,45.3 2 0
github.com/hackastak/repog/commands/summarize.go:47.2,48.16 2 0
github.com/hackastak/repog/commands/summarize.go:48.16,51.3 2 0
github.com/hackastak/repog/commands/summarize.go:54.2,55.16 2 0
github.com/hackastak/repog/commands/summarize.go:55.16,58.3 2 0
github.com/hackastak/repog/commands/summarize.go:59.2,59.15 1 0
github.com/hackastak/repog/commands/summarize.go:59.15,59.39 1 0
github.com/hackastak/repog/commands/summarize.go:62.2,63.129 2 0
github.com/hackastak/repog/commands/summarize.go:63.129,66.3 2 0
github.com/hackastak/repog/commands/summarize.go:67.2,67.20 1 0
github.com/hackastak/repog/commands/summarize.go:67.20,71.3 3 0
github.com/hackastak/repog/commands/summarize.go:74.2,79.41 2 0
github.com/hackastak/repog/commands/summarize.go:79.41,82.3 2 0
github.com/hackastak/repog/commands/summarize.go:83.2,83.21 1 0
github.com/hackastak/repog/commands/summarize.go:83.21,87.3 3 0
github.com/hackastak/repog/commands/summarize.go:90.2,99.24 4 0
github.com/hackastak/repog/commands/summarize.go:99.24,101.3 1 0
github.com/hackastak/repog/commands/summarize.go:103.2,103.16 1 0
github.com/hackastak/repog/commands/summarize.go:103.16,107.3 3 0
github.com/hackastak/repog/commands/summarize.go:109.2,116.12 4 0
github.com/hackastak/repog/commands/sync.go:32.13,37.2 4 0
github.com/hackastak/repog/commands/sync.go:39.55,45.32 4 0
github.com/hackastak/repog/commands/sync.go:45.32,48.3 2 0
github.com/hackastak/repog/commands/sync.go:51.2,52.16 2 0
github.com/hackastak/repog/commands/sync.go:52.16,55.3 2 0
github.com/hackastak/repog/commands/sync.go:57.2,58.16 2 0
github.com/hackastak/repog/commands/sync.go:58.16,61.3 2 0
github.com/hackastak/repog/commands/sync.go:64.2,65.16 2 0
github.com/hackastak/repog/commands/sync.go:65.16,68.3 2 0
github.com/hackastak/repog/commands/sync.go:69.2,69.15 1 0
github.com/hackastak/repog/commands/sync.go:69.15,69.39 1 0
github.com/hackastak/repog/commands/sync.go:72.2,73.18 2 0
github.com/hackastak/repog/commands/sync.go:73.18,77.3 3 0
github.com/hackastak/repog/commands/sync.go:79.2,89.29 3 0
github.com/hackastak/repog/commands/sync.go:89.29,90.21 1 0
github.com/hackastak/repog/commands/sync.go:91.15,93.19 2 0
github.com/hackastak/repog/commands/sync.go:93.19,95.34 2 0
github.com/hackastak/repog/commands/sync.go:95.34,97.6 1 0
github.com/hackastak/repog/commands/sync.go:98.5,98.54 1 0
github.com/hackastak/repog/commands/sync.go:99.10,99.23 1 0
github.com/hackastak/repog/commands/sync.go:99.23,101.5 1 0
github.com/hackastak/repog/commands/sync.go:103.15,105.19 2 0
github.com/hackastak/repog/commands/sync.go:105.19,107.5 1 0
github.com/hackastak/repog/commands/sync.go:107.10,107.23 1 0
github.com/hackastak/repog/commands/sync.go:107.23,109.5 1 0
github.com/hackastak/repog/commands/sync.go:111.16,113.19 2 0
github.com/hackastak/repog/commands/sync.go:113.19,115.5 1 0
github.com/hackastak/repog/commands/sync.go:117.15,118.16 1 0
github.com/hackastak/repog/commands/sync.go:118.16,120.5 1 0
github.com/hackastak/repog/commands/sync.go:122.4,122.24 1 0
github.com/hackastak/repog/commands/sync.go:122.24,125.5 1 0
github.com/hackastak/repog/commands/sync.go:125.10,128.5 1 0
github.com/hackastak/repog/commands/sync.go:132.2,132.20 1 0
github.com/hackastak/repog/commands/sync.go:132.20,134.3 1 0
github.com/hackastak/repog/commands/sync.go:136.2,136.12 1 0
